\BOOKMARK [0][-]{section*.2}{\376\377\000D\000e\000c\000l\000a\000r\000a\000t\000i\000o\000n}{}% 1
\BOOKMARK [0][-]{section*.3}{\376\377\000E\000x\000e\000c\000u\000t\000i\000v\000e\000\040\000S\000u\000m\000m\000a\000r\000y}{}% 2
\BOOKMARK [0][-]{section*.4}{\376\377\000E\000C\000S\000A\000\040\000E\000x\000i\000t\000\040\000L\000e\000v\000e\000l\000\040\000O\000u\000t\000c\000o\000m\000e\000\040\000E\000v\000a\000l\000u\000a\000t\000i\000o\000n}{}% 3
\BOOKMARK [0][-]{section*.6}{\376\377\000C\000o\000n\000t\000e\000n\000t\000s}{}% 4
\BOOKMARK [0][-]{section*.8}{\376\377\000L\000i\000s\000t\000\040\000o\000f\000\040\000T\000a\000b\000l\000e\000s}{}% 5
\BOOKMARK [0][-]{section*.10}{\376\377\000L\000i\000s\000t\000\040\000o\000f\000\040\000F\000i\000g\000u\000r\000e\000s}{}% 6
\BOOKMARK [0][-]{chapter*.11}{\376\377\000L\000i\000s\000t\000\040\000o\000f\000\040\000A\000b\000b\000r\000e\000v\000i\000a\000t\000i\000o\000n\000s}{}% 7
\BOOKMARK [0][-]{chapter*.12}{\376\377\000L\000i\000s\000t\000\040\000o\000f\000\040\000S\000y\000m\000b\000o\000l\000s}{}% 8
\BOOKMARK [0][-]{chapter.1}{\376\377\000I\000n\000t\000r\000o\000d\000u\000c\000t\000i\000o\000n}{}% 9
\BOOKMARK [1][-]{section.1.1}{\376\377\000B\000a\000c\000k\000g\000r\000o\000u\000n\000d}{chapter.1}% 10
\BOOKMARK [1][-]{section.1.2}{\376\377\000A\000i\000m\000\040\000a\000n\000d\000\040\000O\000b\000j\000e\000c\000t\000i\000v\000e\000s}{chapter.1}% 11
\BOOKMARK [1][-]{section.1.3}{\376\377\000M\000o\000t\000i\000v\000a\000t\000i\000o\000n}{chapter.1}% 12
\BOOKMARK [0][-]{chapter.2}{\376\377\000L\000i\000t\000e\000r\000a\000t\000u\000r\000e\000\040\000R\000e\000v\000i\000e\000w}{}% 13
\BOOKMARK [1][-]{section.2.1}{\376\377\000O\000v\000e\000r\000v\000i\000e\000w}{chapter.2}% 14
\BOOKMARK [1][-]{section.2.2}{\376\377\000Z\000w\000i\000f\000t\000:\000\040\000T\000e\000c\000h\000n\000o\000l\000o\000g\000y\000\040\000a\000n\000d\000\040\000R\000e\000q\000u\000i\000r\000e\000m\000e\000n\000t\000s}{chapter.2}% 15
\BOOKMARK [2][-]{subsection.2.2.1}{\376\377\000B\000a\000s\000i\000c\000\040\000R\000e\000q\000u\000i\000r\000e\000m\000e\000n\000t\000s}{section.2.2}% 16
\BOOKMARK [2][-]{subsection.2.2.2}{\376\377\000B\000L\000E\000\040\000v\000s\000\040\000A\000N\000T\000+}{section.2.2}% 17
\BOOKMARK [1][-]{section.2.3}{\376\377\000E\000x\000i\000s\000t\000i\000n\000g\000\040\000T\000r\000a\000i\000n\000e\000r\000\040\000T\000e\000c\000h\000n\000o\000l\000o\000g\000y}{chapter.2}% 18
\BOOKMARK [1][-]{section.2.4}{\376\377\000B\000L\000E\000\040\000C\000o\000m\000m\000u\000n\000i\000c\000a\000t\000i\000o\000n}{chapter.2}% 19
\BOOKMARK [1][-]{section.2.5}{\376\377\000B\000i\000c\000y\000c\000l\000e\000\040\000S\000p\000e\000c\000i\000f\000i\000c\000a\000t\000i\000o\000n\000s}{chapter.2}% 20
\BOOKMARK [1][-]{section.2.6}{\376\377\000E\000d\000d\000y\000\040\000C\000u\000r\000r\000e\000n\000t\000\040\000B\000r\000a\000k\000e}{chapter.2}% 21
\BOOKMARK [1][-]{section.2.7}{\376\377\000S\000e\000n\000s\000o\000r\000\040\000T\000e\000c\000h\000n\000o\000l\000o\000g\000y}{chapter.2}% 22
\BOOKMARK [1][-]{section.2.8}{\376\377\000C\000o\000n\000c\000l\000u\000s\000i\000o\000n}{chapter.2}% 23
\BOOKMARK [0][-]{chapter.3}{\376\377\000S\000o\000f\000t\000w\000a\000r\000e\000\040\000D\000e\000v\000e\000l\000o\000p\000m\000e\000n\000t}{}% 24
\BOOKMARK [1][-]{section.3.1}{\376\377\000S\000t\000r\000u\000c\000t\000u\000r\000e}{chapter.3}% 25
\BOOKMARK [1][-]{section.3.2}{\376\377\000B\000L\000E\000\040\000H\000a\000n\000d\000l\000e\000r}{chapter.3}% 26
\BOOKMARK [0][-]{chapter.4}{\376\377\000H\000a\000r\000d\000w\000a\000r\000e\000\040\000D\000e\000v\000e\000l\000o\000p\000m\000e\000n\000t}{}% 27
\BOOKMARK [1][-]{section.4.1}{\376\377\000E\000x\000p\000e\000c\000t\000e\000d\000\040\000O\000p\000e\000r\000a\000t\000i\000n\000g\000\040\000C\000o\000n\000d\000i\000t\000i\000o\000n\000s}{chapter.4}% 28
\BOOKMARK [1][-]{section.4.2}{\376\377\000E\000d\000d\000y\000\040\000C\000u\000r\000r\000e\000n\000t\000\040\000B\000r\000a\000k\000e\000\040\000D\000e\000s\000i\000g\000n}{chapter.4}% 29
\BOOKMARK [0][-]{section*.33}{\376\377\000L\000i\000s\000t\000\040\000o\000f\000\040\000R\000e\000f\000e\000r\000e\000n\000c\000e\000s}{}% 30
