This is pdfTeX, Version 3.141592653-2.6-1.40.24 (TeX Live 2022) (preloaded format=pdflatex 2022.4.14)  21 OCT 2022 11:57
entering extended mode
 \write18 enabled.
 %&-line parsing enabled.
**Main.tex
(./Main.tex
LaTeX2e <2021-11-15> patch level 1
L3 programming layer <2022-04-10>
(d:/texlive/2022/texmf-dist/tex/latex/stellenbosch/usthesis.cls
Document Class: usthesis 2014/11/28 v5.0 Stellenbosh Thesis class (DNJ ELS)
(d:/texlive/2022/texmf-dist/tex/latex/tools/calc.sty
Package: calc 2017/05/25 v4.3 Infix arithmetic (KKT,FJ)
\calc@Acount=\count185
\calc@Bcount=\count186
\calc@Adimen=\dimen138
\calc@Bdimen=\dimen139
\calc@Askip=\skip47
\calc@Bskip=\skip48
LaTeX Info: Redefining \setlength on input line 80.
LaTeX Info: Redefining \addtolength on input line 81.
\calc@Ccount=\count187
\calc@Cskip=\skip49
)
(d:/texlive/2022/texmf-dist/tex/generic/iftex/ifpdf.sty
Package: ifpdf 2019/10/25 v3.4 ifpdf legacy package. Use iftex instead.

(d:/texlive/2022/texmf-dist/tex/generic/iftex/iftex.sty
Package: iftex 2022/02/03 v1.0f TeX engine tests
))
Class usthesis Info: Input file 'usthesis.afr' loaded on input line 92.

(d:/texlive/2022/texmf-dist/tex/latex/stellenbosch/usthesis.afr
File: usthesis.afr 2014/11/28 v2.0 USthesis Afr defs (DNJ Els)
)
Class usthesis Info: Input file 'usthesis.eng' loaded on input line 95.

(d:/texlive/2022/texmf-dist/tex/latex/stellenbosch/usthesis.eng
File: usthesis.eng 2014/11/28 v2.0 USthesis Eng defs (DNJ Els)
)
(d:/texlive/2022/texmf-dist/tex/latex/base/book.cls
Document Class: book 2021/10/04 v1.4n Standard LaTeX document class
(d:/texlive/2022/texmf-dist/tex/latex/base/bk12.clo
File: bk12.clo 2021/10/04 v1.4n Standard LaTeX file (size option)
)
\c@part=\count188
\c@chapter=\count189
\c@section=\count190
\c@subsection=\count191
\c@subsubsection=\count192
\c@paragraph=\count193
\c@subparagraph=\count194
\c@figure=\count195
\c@table=\count196
\abovecaptionskip=\skip50
\belowcaptionskip=\skip51
\bibindent=\dimen140
)
\US@tdima=\skip52
\US@tdimb=\skip53
\US@tboxa=\box50
\US@tboxb=\box51
\c@US@tcnta=\count197
\c@US@tcntb=\count198
\US@month=\count199
\US@year=\count266
) (./Preample.tex
(d:/texlive/2022/texmf-dist/tex/generic/babel/babel.sty
Package: babel 2022/02/26 3.73 The Babel package
\babel@savecnt=\count267
\U@D=\dimen141
\l@unhyphenated=\language87

(d:/texlive/2022/texmf-dist/tex/generic/babel/txtbabel.def)
\bbl@readstream=\read2
\bbl@dirlevel=\count268

(d:/texlive/2022/texmf-dist/tex/generic/babel-dutch/afrikaans.ldf
Language: dutch 2021/08/29 v3.8l Dutch support from the babel system
Package babel Info: Making " an active character on input line 127.
)
(d:/texlive/2022/texmf-dist/tex/generic/babel-english/english.ldf
Language: english 2017/06/06 v3.3r English support from the babel system
Package babel Info: Hyphen rules for 'canadian' set to \l@english
(babel)             (\language0). Reported on input line 102.
Package babel Info: Hyphen rules for 'australian' set to \l@ukenglish
(babel)             (\language21). Reported on input line 105.
Package babel Info: Hyphen rules for 'newzealand' set to \l@ukenglish
(babel)             (\language21). Reported on input line 108.
))
(d:/texlive/2022/texmf-dist/tex/latex/amsmath/amsmath.sty
Package: amsmath 2021/10/15 v2.17l AMS math features
\@mathmargin=\skip54

For additional information on amsmath, use the `?' option.
(d:/texlive/2022/texmf-dist/tex/latex/amsmath/amstext.sty
Package: amstext 2021/08/26 v2.01 AMS text

(d:/texlive/2022/texmf-dist/tex/latex/amsmath/amsgen.sty
File: amsgen.sty 1999/11/30 v2.0 generic functions
\@emptytoks=\toks16
\ex@=\dimen142
))
(d:/texlive/2022/texmf-dist/tex/latex/amsmath/amsbsy.sty
Package: amsbsy 1999/11/29 v1.2d Bold Symbols
\pmbraise@=\dimen143
)
(d:/texlive/2022/texmf-dist/tex/latex/amsmath/amsopn.sty
Package: amsopn 2021/08/26 v2.02 operator names
)
\inf@bad=\count269
LaTeX Info: Redefining \frac on input line 234.
\uproot@=\count270
\leftroot@=\count271
LaTeX Info: Redefining \overline on input line 399.
\classnum@=\count272
\DOTSCASE@=\count273
LaTeX Info: Redefining \ldots on input line 496.
LaTeX Info: Redefining \dots on input line 499.
LaTeX Info: Redefining \cdots on input line 620.
\Mathstrutbox@=\box52
\strutbox@=\box53
\big@size=\dimen144
LaTeX Font Info:    Redeclaring font encoding OML on input line 743.
LaTeX Font Info:    Redeclaring font encoding OMS on input line 744.
\macc@depth=\count274
\c@MaxMatrixCols=\count275
\dotsspace@=\muskip16
\c@parentequation=\count276
\dspbrk@lvl=\count277
\tag@help=\toks17
\row@=\count278
\column@=\count279
\maxfields@=\count280
\andhelp@=\toks18
\eqnshift@=\dimen145
\alignsep@=\dimen146
\tagshift@=\dimen147
\tagwidth@=\dimen148
\totwidth@=\dimen149
\lineht@=\dimen150
\@envbody=\toks19
\multlinegap=\skip55
\multlinetaggap=\skip56
\mathdisplay@stack=\toks20
LaTeX Info: Redefining \[ on input line 2938.
LaTeX Info: Redefining \] on input line 2939.
)
(d:/texlive/2022/texmf-dist/tex/latex/ebgaramond/ebgaramond.sty
Package: ebgaramond 2020/04/12 (Bob Tennent and autoinst) Style file for EB Gar
amond fonts.

(d:/texlive/2022/texmf-dist/tex/generic/iftex/ifxetex.sty
Package: ifxetex 2019/10/25 v0.7 ifxetex legacy package. Use iftex instead.
)
(d:/texlive/2022/texmf-dist/tex/generic/iftex/ifluatex.sty
Package: ifluatex 2019/10/25 v1.5 ifluatex legacy package. Use iftex instead.
)
(d:/texlive/2022/texmf-dist/tex/latex/xkeyval/xkeyval.sty
Package: xkeyval 2020/11/20 v2.8 package option processing (HA)

(d:/texlive/2022/texmf-dist/tex/generic/xkeyval/xkeyval.tex
(d:/texlive/2022/texmf-dist/tex/generic/xkeyval/xkvutils.tex
\XKV@toks=\toks21
\XKV@tempa@toks=\toks22

(d:/texlive/2022/texmf-dist/tex/generic/xkeyval/keyval.tex))
\XKV@depth=\count281
File: xkeyval.tex 2014/12/03 v2.7a key=value parser (HA)
))
(d:/texlive/2022/texmf-dist/tex/latex/base/textcomp.sty
Package: textcomp 2020/02/02 v2.0n Standard LaTeX package
)
(d:/texlive/2022/texmf-dist/tex/latex/base/fontenc.sty
Package: fontenc 2021/04/29 v2.0v Standard LaTeX package
)
(d:/texlive/2022/texmf-dist/tex/latex/fontaxes/fontaxes.sty
Package: fontaxes 2020/07/21 v1.0e Font selection axes
LaTeX Info: Redefining \upshape on input line 29.
LaTeX Info: Redefining \itshape on input line 31.
LaTeX Info: Redefining \slshape on input line 33.
LaTeX Info: Redefining \swshape on input line 35.
LaTeX Info: Redefining \scshape on input line 37.
LaTeX Info: Redefining \sscshape on input line 39.
LaTeX Info: Redefining \ulcshape on input line 41.
LaTeX Info: Redefining \textsw on input line 47.
LaTeX Info: Redefining \textssc on input line 48.
LaTeX Info: Redefining \textulc on input line 49.
)
LaTeX Info: Redefining \oldstylenums on input line 179.
LaTeX Info: Redefining \textsw on input line 187.
)
(d:/texlive/2022/texmf-dist/tex/latex/base/fontenc.sty
Package: fontenc 2021/04/29 v2.0v Standard LaTeX package
LaTeX Font Info:    Trying to load font information for T1+EBGaramond-OsF on in
put line 112.

(d:/texlive/2022/texmf-dist/tex/latex/ebgaramond/T1EBGaramond-OsF.fd
File: T1EBGaramond-OsF.fd 2019/10/22 (autoinst) Font definitions for T1/EBGaram
ond-OsF.
)
LaTeX Font Info:    Font shape `T1/EBGaramond-OsF/m/n' in size <12> not availab
le
(Font)              Font shape `T1/EBGaramond-OsF/regular/n' tried instead on i
nput line 112.
LaTeX Font Info:    Font shape `T1/EBGaramond-OsF/regular/n' will be
(Font)              scaled to size 12.0pt on input line 112.
)
(d:/texlive/2022/texmf-dist/tex/latex/fourier/fourier.sty
Package: fourier 2022/02/05 2.3 fourier-GUTenberg package
Now handling font encoding FML ...
... no UTF-8 mapping file for font encoding FML
Now handling font encoding FMS ...
... no UTF-8 mapping file for font encoding FMS
Now handling font encoding FMX ...
... no UTF-8 mapping file for font encoding FMX

(d:/texlive/2022/texmf-dist/tex/latex/base/fontenc.sty
Package: fontenc 2021/04/29 v2.0v Standard LaTeX package
LaTeX Font Info:    Trying to load font information for T1+futs on input line 1
12.

(d:/texlive/2022/texmf-dist/tex/latex/fourier/t1futs.fd
File: t1futs.fd 2004/03/02 Fontinst v1.926 font definitions for T1/futs.
))
(d:/texlive/2022/texmf-dist/tex/latex/fourier/fourier-orns.sty
Package: fourier-orns 2022/02/05 2.3 fourier-ornaments package
)
LaTeX Font Info:    Redeclaring symbol font `operators' on input line 63.
LaTeX Font Info:    Encoding `OT1' has changed to `T1' for symbol font
(Font)              `operators' in the math version `normal' on input line 63.
LaTeX Font Info:    Overwriting symbol font `operators' in version `normal'
(Font)                  OT1/cmr/m/n --> T1/futs/m/n on input line 63.
LaTeX Font Info:    Encoding `OT1' has changed to `T1' for symbol font
(Font)              `operators' in the math version `bold' on input line 63.
LaTeX Font Info:    Overwriting symbol font `operators' in version `bold'
(Font)                  OT1/cmr/bx/n --> T1/futs/m/n on input line 63.
LaTeX Font Info:    Overwriting symbol font `operators' in version `bold'
(Font)                  T1/futs/m/n --> T1/futs/b/n on input line 64.
LaTeX Font Info:    Redeclaring symbol font `letters' on input line 72.
LaTeX Font Info:    Encoding `OML' has changed to `FML' for symbol font
(Font)              `letters' in the math version `normal' on input line 72.
LaTeX Font Info:    Overwriting symbol font `letters' in version `normal'
(Font)                  OML/cmm/m/it --> FML/futmi/m/it on input line 72.
LaTeX Font Info:    Encoding `OML' has changed to `FML' for symbol font
(Font)              `letters' in the math version `bold' on input line 72.
LaTeX Font Info:    Overwriting symbol font `letters' in version `bold'
(Font)                  OML/cmm/b/it --> FML/futmi/m/it on input line 72.
\symotherletters=\mathgroup4
LaTeX Font Info:    Overwriting symbol font `letters' in version `bold'
(Font)                  FML/futmi/m/it --> FML/futmi/b/it on input line 74.
LaTeX Font Info:    Overwriting symbol font `otherletters' in version `bold'
(Font)                  FML/futm/m/it --> FML/futm/b/it on input line 75.
LaTeX Font Info:    Redeclaring math symbol \Gamma on input line 76.
LaTeX Font Info:    Redeclaring math symbol \Delta on input line 77.
LaTeX Font Info:    Redeclaring math symbol \Theta on input line 78.
LaTeX Font Info:    Redeclaring math symbol \Lambda on input line 79.
LaTeX Font Info:    Redeclaring math symbol \Xi on input line 80.
LaTeX Font Info:    Redeclaring math symbol \Pi on input line 81.
LaTeX Font Info:    Redeclaring math symbol \Sigma on input line 82.
LaTeX Font Info:    Redeclaring math symbol \Upsilon on input line 83.
LaTeX Font Info:    Redeclaring math symbol \Phi on input line 84.
LaTeX Font Info:    Redeclaring math symbol \Psi on input line 85.
LaTeX Font Info:    Redeclaring math symbol \Omega on input line 86.
LaTeX Font Info:    Redeclaring symbol font `symbols' on input line 126.
LaTeX Font Info:    Encoding `OMS' has changed to `FMS' for symbol font
(Font)              `symbols' in the math version `normal' on input line 126.
LaTeX Font Info:    Overwriting symbol font `symbols' in version `normal'
(Font)                  OMS/cmsy/m/n --> FMS/futm/m/n on input line 126.
LaTeX Font Info:    Encoding `OMS' has changed to `FMS' for symbol font
(Font)              `symbols' in the math version `bold' on input line 126.
LaTeX Font Info:    Overwriting symbol font `symbols' in version `bold'
(Font)                  OMS/cmsy/b/n --> FMS/futm/m/n on input line 126.
LaTeX Font Info:    Redeclaring symbol font `largesymbols' on input line 127.
LaTeX Font Info:    Encoding `OMX' has changed to `FMX' for symbol font
(Font)              `largesymbols' in the math version `normal' on input line 1
27.
LaTeX Font Info:    Overwriting symbol font `largesymbols' in version `normal'
(Font)                  OMX/cmex/m/n --> FMX/futm/m/n on input line 127.
LaTeX Font Info:    Encoding `OMX' has changed to `FMX' for symbol font
(Font)              `largesymbols' in the math version `bold' on input line 127
.
LaTeX Font Info:    Overwriting symbol font `largesymbols' in version `bold'
(Font)                  OMX/cmex/m/n --> FMX/futm/m/n on input line 127.
LaTeX Font Info:    Redeclaring math alphabet \mathbf on input line 128.
LaTeX Font Info:    Overwriting math alphabet `\mathbf' in version `normal'
(Font)                  OT1/cmr/bx/n --> T1/futs/bx/n on input line 128.
LaTeX Font Info:    Overwriting math alphabet `\mathbf' in version `bold'
(Font)                  OT1/cmr/bx/n --> T1/futs/bx/n on input line 128.
LaTeX Font Info:    Redeclaring math alphabet \mathrm on input line 129.
LaTeX Font Info:    Redeclaring math alphabet \mathit on input line 130.
LaTeX Font Info:    Overwriting math alphabet `\mathit' in version `normal'
(Font)                  OT1/cmr/m/it --> T1/futs/m/it on input line 130.
LaTeX Font Info:    Overwriting math alphabet `\mathit' in version `bold'
(Font)                  OT1/cmr/bx/it --> T1/futs/m/it on input line 130.
LaTeX Font Info:    Redeclaring math alphabet \mathcal on input line 131.
LaTeX Font Info:    Redeclaring math symbol \parallel on input line 147.
LaTeX Font Info:    Redeclaring math symbol \hbar on input line 161.
LaTeX Font Info:    Redeclaring math symbol \varkappa on input line 199.
LaTeX Font Info:    Redeclaring math symbol \varvarrho on input line 200.
LaTeX Font Info:    Redeclaring math delimiter \Vert on input line 223.
LaTeX Font Info:    Redeclaring math delimiter \vert on input line 228.
LaTeX Font Info:    Redeclaring math delimiter \lvert on input line 230.
LaTeX Font Info:    Redeclaring math delimiter \rvert on input line 232.
LaTeX Font Info:    Redeclaring math delimiter \lVert on input line 234.
LaTeX Font Info:    Redeclaring math delimiter \rVert on input line 236.
LaTeX Font Info:    Redeclaring math delimiter \Downarrow on input line 238.
LaTeX Font Info:    Redeclaring math delimiter \backslash on input line 240.
LaTeX Font Info:    Redeclaring math delimiter \rangle on input line 242.
LaTeX Font Info:    Redeclaring math delimiter \langle on input line 244.
LaTeX Font Info:    Redeclaring math delimiter \rbrace on input line 246.
LaTeX Font Info:    Redeclaring math delimiter \lbrace on input line 248.
LaTeX Font Info:    Redeclaring math delimiter \rceil on input line 250.
LaTeX Font Info:    Redeclaring math delimiter \lceil on input line 252.
LaTeX Font Info:    Redeclaring math delimiter \rfloor on input line 254.
LaTeX Font Info:    Redeclaring math delimiter \lfloor on input line 256.
LaTeX Font Info:    Redeclaring math accent \acute on input line 260.
LaTeX Font Info:    Redeclaring math accent \grave on input line 261.
LaTeX Font Info:    Redeclaring math accent \ddot on input line 262.
LaTeX Font Info:    Redeclaring math accent \tilde on input line 263.
LaTeX Font Info:    Redeclaring math accent \bar on input line 264.
LaTeX Font Info:    Redeclaring math accent \breve on input line 265.
LaTeX Font Info:    Redeclaring math accent \check on input line 266.
LaTeX Font Info:    Redeclaring math accent \hat on input line 267.
LaTeX Font Info:    Redeclaring math accent \dot on input line 268.
LaTeX Font Info:    Redeclaring math accent \mathring on input line 269.
\symUfutm=\mathgroup5
)
(d:/texlive/2022/texmf-dist/tex/latex/tools/bm.sty
Package: bm 2021/04/25 v1.2e Bold Symbol Support (DPC/FMi)
\symboldoperators=\mathgroup6
\symboldletters=\mathgroup7
Package bm Info: No bold for \FMS/futm/m/n, using \pmb.
Package bm Info: No bold for \FMX/futm/m/n, using \pmb.
\symboldotherletters=\mathgroup8
Package bm Info: No bold for \U/futm/m/n, using \pmb.
LaTeX Font Info:    Redeclaring math alphabet \mathbf on input line 149.
)
(d:/texlive/2022/texmf-dist/tex/latex/graphics/graphicx.sty
Package: graphicx 2021/09/16 v1.2d Enhanced LaTeX Graphics (DPC,SPQR)

(d:/texlive/2022/texmf-dist/tex/latex/graphics/graphics.sty
Package: graphics 2021/03/04 v1.4d Standard LaTeX Graphics (DPC,SPQR)

(d:/texlive/2022/texmf-dist/tex/latex/graphics/trig.sty
Package: trig 2021/08/11 v1.11 sin cos tan (DPC)
)
(d:/texlive/2022/texmf-dist/tex/latex/graphics-cfg/graphics.cfg
File: graphics.cfg 2016/06/04 v1.11 sample graphics configuration
)
Package graphics Info: Driver file: pdftex.def on input line 107.

(d:/texlive/2022/texmf-dist/tex/latex/graphics-def/pdftex.def
File: pdftex.def 2020/10/05 v1.2a Graphics/color driver for pdftex
))
\Gin@req@height=\dimen151
\Gin@req@width=\dimen152
)
(d:/texlive/2022/texmf-dist/tex/latex/graphics/color.sty
Package: color 2021/12/07 v1.3c Standard LaTeX Color (DPC)

(d:/texlive/2022/texmf-dist/tex/latex/graphics-cfg/color.cfg
File: color.cfg 2016/01/02 v1.6 sample color configuration
)
Package color Info: Driver file: pdftex.def on input line 149.
)
(d:/texlive/2022/texmf-dist/tex/latex/setspace/setspace.sty
Package: setspace 2011/12/19 v6.7a set line spacing
)
(d:/texlive/2022/texmf-dist/tex/latex/parskip/parskip.sty
Package: parskip 2021-03-14 v2.0h non-zero parskip adjustments

(d:/texlive/2022/texmf-dist/tex/latex/kvoptions/kvoptions.sty
Package: kvoptions 2020-10-07 v3.14 Key value format for package options (HO)

(d:/texlive/2022/texmf-dist/tex/generic/ltxcmds/ltxcmds.sty
Package: ltxcmds 2020-05-10 v1.25 LaTeX kernel commands for general use (HO)
)
(d:/texlive/2022/texmf-dist/tex/generic/kvsetkeys/kvsetkeys.sty
Package: kvsetkeys 2019/12/15 v1.18 Key value parser (HO)
))
(d:/texlive/2022/texmf-dist/tex/latex/etoolbox/etoolbox.sty
Package: etoolbox 2020/10/05 v2.5k e-TeX tools for LaTeX (JAW)
\etb@tempcnta=\count282
))
(d:/texlive/2022/texmf-dist/tex/latex/stellenbosch/ussummary.sty
Package: ussummary 2006/03/08 v1.0a Stellenbosh Mech Eng Summary page (DNJ ELS)


(d:/texlive/2022/texmf-dist/tex/latex/tools/array.sty
Package: array 2021/10/04 v2.5f Tabular extension package (FMi)
\col@sep=\dimen153
\ar@mcellbox=\box54
\extrarowheight=\dimen154
\NC@list=\toks23
\extratabsurround=\skip57
\backup@length=\skip58
\ar@cellbox=\box55
)
(d:/texlive/2022/texmf-dist/tex/latex/tools/longtable.sty
Package: longtable 2021-09-01 v4.17 Multi-page Table package (DPC)
\LTleft=\skip59
\LTright=\skip60
\LTpre=\skip61
\LTpost=\skip62
\LTchunksize=\count283
\LTcapwidth=\dimen155
\LT@head=\box56
\LT@firsthead=\box57
\LT@foot=\box58
\LT@lastfoot=\box59
\LT@gbox=\box60
\LT@cols=\count284
\LT@rows=\count285
\c@LT@tables=\count286
\c@LT@chunks=\count287
\LT@p@ftn=\toks24
)
(d:/texlive/2022/texmf-dist/tex/latex/colortbl/colortbl.sty
Package: colortbl 2020/01/04 v1.0e Color table columns (DPC)
\everycr=\toks25
\minrowclearance=\skip63
)
\USS@tdima=\skip64
\USS@tdimb=\skip65
)
(d:/texlive/2022/texmf-dist/tex/latex/hyphenat/hyphenat.sty
Package: hyphenat 2009/09/02 v2.3c hyphenation utilities
\langwohyphens=\language88
LaTeX Info: Redefining \_ on input line 43.
)
(d:/texlive/2022/texmf-dist/tex/latex/graphics/lscape.sty
Package: lscape 2020/05/28 v3.02 Landscape Pages (DPC)
)
(d:/texlive/2022/texmf-dist/tex/latex/tools/multicol.sty
Package: multicol 2021/10/28 v1.9b multicolumn formatting (FMi)
\c@tracingmulticols=\count288
\mult@box=\box61
\multicol@leftmargin=\dimen156
\c@unbalance=\count289
\c@collectmore=\count290
\doublecol@number=\count291
\multicoltolerance=\count292
\multicolpretolerance=\count293
\full@width=\dimen157
\page@free=\dimen158
\premulticols=\dimen159
\postmulticols=\dimen160
\multicolsep=\skip66
\multicolbaselineskip=\skip67
\partial@page=\box62
\last@line=\box63
\maxbalancingoverflow=\dimen161
\mult@rightbox=\box64
\mult@grightbox=\box65
\mult@firstbox=\box66
\mult@gfirstbox=\box67
\@tempa=\box68
\@tempa=\box69
\@tempa=\box70
\@tempa=\box71
\@tempa=\box72
\@tempa=\box73
\@tempa=\box74
\@tempa=\box75
\@tempa=\box76
\@tempa=\box77
\@tempa=\box78
\@tempa=\box79
\@tempa=\box80
\@tempa=\box81
\@tempa=\box82
\@tempa=\box83
\@tempa=\box84
\@tempa=\box85
\@tempa=\box86
\@tempa=\box87
\@tempa=\box88
\@tempa=\box89
\@tempa=\box90
\@tempa=\box91
\@tempa=\box92
\@tempa=\box93
\@tempa=\box94
\@tempa=\box95
\@tempa=\box96
\@tempa=\box97
\@tempa=\box98
\@tempa=\box99
\@tempa=\box100
\@tempa=\box101
\@tempa=\box102
\@tempa=\box103
\c@minrows=\count294
\c@columnbadness=\count295
\c@finalcolumnbadness=\count296
\last@try=\dimen162
\multicolovershoot=\dimen163
\multicolundershoot=\dimen164
\mult@nat@firstbox=\box104
\colbreak@box=\box105
\mc@col@check@num=\count297
)
(d:/texlive/2022/texmf-dist/tex/latex/adjustbox/adjustbox.sty
Package: adjustbox 2020/08/19 v1.3 Adjusting TeX boxes (trim, clip, ...)

(d:/texlive/2022/texmf-dist/tex/latex/adjustbox/adjcalc.sty
Package: adjcalc 2012/05/16 v1.1 Provides advanced setlength with multiple back
-ends (calc, etex, pgfmath)
)
(d:/texlive/2022/texmf-dist/tex/latex/adjustbox/trimclip.sty
Package: trimclip 2020/08/19 v1.2 Trim and clip general TeX material

(d:/texlive/2022/texmf-dist/tex/latex/collectbox/collectbox.sty
Package: collectbox 2012/05/17 v0.4b Collect macro arguments as boxes
\collectedbox=\box106
)
\tc@llx=\dimen165
\tc@lly=\dimen166
\tc@urx=\dimen167
\tc@ury=\dimen168
Package trimclip Info: Using driver 'tc-pdftex.def'.

(d:/texlive/2022/texmf-dist/tex/latex/adjustbox/tc-pdftex.def
File: tc-pdftex.def 2019/01/04 v2.2 Clipping driver for pdftex
))
\adjbox@Width=\dimen169
\adjbox@Height=\dimen170
\adjbox@Depth=\dimen171
\adjbox@Totalheight=\dimen172
\adjbox@pwidth=\dimen173
\adjbox@pheight=\dimen174
\adjbox@pdepth=\dimen175
\adjbox@ptotalheight=\dimen176

(d:/texlive/2022/texmf-dist/tex/latex/ifoddpage/ifoddpage.sty
Package: ifoddpage 2016/04/23 v1.1 Conditionals for odd/even page detection
\c@checkoddpage=\count298
)
(d:/texlive/2022/texmf-dist/tex/latex/varwidth/varwidth.sty
Package: varwidth 2009/03/30 ver 0.92;  Variable-width minipages
\@vwid@box=\box107
\sift@deathcycles=\count299
\@vwid@loff=\dimen177
\@vwid@roff=\dimen178
))
(d:/texlive/2022/texmf-dist/tex/latex/footmisc/footmisc.sty
Package: footmisc 2022/03/08 v6.0d a miscellany of footnote facilities
\FN@temptoken=\toks26
\footnotemargin=\dimen179
\@outputbox@depth=\dimen180
Package footmisc Info: Declaring symbol style bringhurst on input line 695.
Package footmisc Info: Declaring symbol style chicago on input line 703.
Package footmisc Info: Declaring symbol style wiley on input line 712.
Package footmisc Info: Declaring symbol style lamport-robust on input line 723.

Package footmisc Info: Declaring symbol style lamport* on input line 743.
Package footmisc Info: Declaring symbol style lamport*-robust on input line 764
.
)
(d:/texlive/2022/texmf-dist/tex/latex/caption/caption.sty
Package: caption 2022/03/01 v3.6b Customizing captions (AR)

(d:/texlive/2022/texmf-dist/tex/latex/caption/caption3.sty
Package: caption3 2022/03/17 v2.3b caption3 kernel (AR)
\caption@tempdima=\dimen181
\captionmargin=\dimen182
\caption@leftmargin=\dimen183
\caption@rightmargin=\dimen184
\caption@width=\dimen185
\caption@indent=\dimen186
\caption@parindent=\dimen187
\caption@hangindent=\dimen188
Package caption Info: Unknown document class (or package),
(caption)             standard defaults will be used.
Package caption Info: \@makecaption = \long macro:#1#2->\vskip \abovecaptionski
p \sbox \@tempboxa {\small {\bfseries #1:} #2}\ifdim \wd \@tempboxa >\hsize \un
hbox \@tempboxa \par \else \global \@minipagefalse \hb@xt@ \hsize {\hfil \box \
@tempboxa \hfil }\fi \vskip \belowcaptionskip  on input line 1176.
)

Package caption Warning: Unknown document class (or package),
(caption)                standard defaults will be used.
See the caption package documentation for explanation.

\c@caption@flags=\count300
\c@continuedfloat=\count301
Package caption Info: longtable package is loaded.
(d:/texlive/2022/texmf-dist/tex/latex/caption/ltcaption.sty
Package: ltcaption 2021/01/08 v1.4c longtable captions (AR)
))
(d:/texlive/2022/texmf-dist/tex/latex/caption/subcaption.sty
Package: subcaption 2022/01/07 v1.5 Sub-captions (AR)
\c@subfigure=\count302
\c@subtable=\count303
)
(d:/texlive/2022/texmf-dist/tex/latex/tabto-ltx/tabto.sty
Package: tabto 2018/12/28  v 1.4  Another tabbing mechanism
\CurrentLineWidth=\dimen189
\TabPrevPos=\dimen190
)
(d:/texlive/2022/texmf-dist/tex/latex/enumitem/enumitem.sty
Package: enumitem 2019/06/20 v3.9 Customized lists
\enitkv@toks@=\toks27
\labelindent=\skip68
\enit@outerparindent=\dimen191
\enit@toks=\toks28
\enit@inbox=\box108
\enit@count@id=\count304
\enitdp@description=\count305
)
(d:/texlive/2022/texmf-dist/tex/latex/mfirstuc/mfirstuc.sty
Package: mfirstuc 2021/10/15 v2.07 (NLCT)
\@glsmfirst=\toks29
\@glsmrest=\toks30
)
(d:/texlive/2022/texmf-dist/tex/latex/xcolor/xcolor.sty
Package: xcolor 2021/10/31 v2.13 LaTeX color extensions (UK)

(d:/texlive/2022/texmf-dist/tex/latex/graphics-cfg/color.cfg
File: color.cfg 2016/01/02 v1.6 sample color configuration
)
Package xcolor Info: Driver file: pdftex.def on input line 227.
LaTeX Info: Redefining \color on input line 711.
Package xcolor Info: Model `cmy' substituted by `cmy0' on input line 1352.
Package xcolor Info: Model `hsb' substituted by `rgb' on input line 1356.
Package xcolor Info: Model `RGB' extended on input line 1368.
Package xcolor Info: Model `HTML' substituted by `rgb' on input line 1370.
Package xcolor Info: Model `Hsb' substituted by `hsb' on input line 1371.
Package xcolor Info: Model `tHsb' substituted by `hsb' on input line 1372.
Package xcolor Info: Model `HSB' substituted by `hsb' on input line 1373.
Package xcolor Info: Model `Gray' substituted by `gray' on input line 1374.
Package xcolor Info: Model `wave' substituted by `hsb' on input line 1375.
)
(d:/texlive/2022/texmf-dist/tex/latex/ragged2e/ragged2e.sty
Package: ragged2e 2021/12/15 v3.1 ragged2e Package
\CenteringLeftskip=\skip69
\RaggedLeftLeftskip=\skip70
\RaggedRightLeftskip=\skip71
\CenteringRightskip=\skip72
\RaggedLeftRightskip=\skip73
\RaggedRightRightskip=\skip74
\CenteringParfillskip=\skip75
\RaggedLeftParfillskip=\skip76
\RaggedRightParfillskip=\skip77
\JustifyingParfillskip=\skip78
\CenteringParindent=\skip79
\RaggedLeftParindent=\skip80
\RaggedRightParindent=\skip81
\JustifyingParindent=\skip82
)
(d:/texlive/2022/texmf-dist/tex/latex/booktabs/booktabs.sty
Package: booktabs 2020/01/12 v1.61803398 Publication quality tables
\heavyrulewidth=\dimen192
\lightrulewidth=\dimen193
\cmidrulewidth=\dimen194
\belowrulesep=\dimen195
\belowbottomsep=\dimen196
\aboverulesep=\dimen197
\abovetopsep=\dimen198
\cmidrulesep=\dimen199
\cmidrulekern=\dimen256
\defaultaddspace=\dimen257
\@cmidla=\count306
\@cmidlb=\count307
\@aboverulesep=\dimen258
\@belowrulesep=\dimen259
\@thisruleclass=\count308
\@lastruleclass=\count309
\@thisrulewidth=\dimen260
)
(d:/texlive/2022/texmf-dist/tex/latex/acro/acro.sty
(d:/texlive/2022/texmf-dist/tex/latex/l3packages/l3keys2e/l3keys2e.sty
(d:/texlive/2022/texmf-dist/tex/latex/l3kernel/expl3.sty
Package: expl3 2022-04-10 L3 programming layer (loader) 

(d:/texlive/2022/texmf-dist/tex/latex/l3backend/l3backend-pdftex.def
File: l3backend-pdftex.def 2022-04-10 L3 backend support: PDF output (pdfTeX)
\l__color_backend_stack_int=\count310
\l__pdf_internal_box=\box109
))
Package: l3keys2e 2022-01-12 LaTeX2e option processing using LaTeX3 keys
)
Package: acro 2022/04/01 v3.8 typeset acronyms and other abbreviations (CN)
\l__acro_tmpa_int=\count311
\l__acro_tmpb_int=\count312
\l__acro_tmpc_int=\count313
\l__acro_tmpd_int=\count314
Loading module `base' ...
Loading module `interface' ...
Loading module `aux' ...
Loading module `properties' ...
Loading module `acronyms' ...
Loading module `formatting' ...
Loading module `ppfixes' ...
Loading module `tools' ...
\l__acro_minimal_usage_int=\count315
\l__acro_nest_int=\count316
\g_acro_barrier_int=\count317
\g_acro_barrier_total_int=\count318
Loading module `commands' ...
\l_acro_nest_level_int=\count319
Loading module `templates' ...
Loading module `list' ...
Loading module `pages' ...
\l__acro_pages_seq_threshold_int=\count320
Loading module `locale' ...

(d:/texlive/2022/texmf-dist/tex/latex/translations/translations.sty
Package: translations 2022/02/05 v1.12 internationalization of LaTeX2e packages
 (CN)

(d:/texlive/2022/texmf-dist/tex/generic/pdftexcmds/pdftexcmds.sty
Package: pdftexcmds 2020-06-27 v0.33 Utility functions of pdfTeX for LuaTeX (HO
)

(d:/texlive/2022/texmf-dist/tex/generic/infwarerr/infwarerr.sty
Package: infwarerr 2019/12/03 v1.5 Providing info/warning/error messages (HO)
)
Package pdftexcmds Info: \pdf@primitive is available.
Package pdftexcmds Info: \pdf@ifprimitive is available.
Package pdftexcmds Info: \pdfdraftmode found.
))
Loading module `pdfsupport' ...
Loading module `patch' ...
Loading module `definitions' ...
Loading module `upgrade' ...
)
(d:/texlive/2022/texmf-dist/tex/latex/siunitx/siunitx.sty
Package: siunitx 2022-04-04 v3.0.50 A comprehensive (SI) units package
\l__siunitx_angle_tmp_dim=\dimen261
\l__siunitx_angle_marker_box=\box110
\l__siunitx_angle_unit_box=\box111
\l__siunitx_compound_count_int=\count321
\l__siunitx_number_exponent_fixed_int=\count322
\l__siunitx_number_min_decimal_int=\count323
\l__siunitx_number_min_integer_int=\count324
\l__siunitx_number_round_precision_int=\count325
\l__siunitx_number_group_minimum_int=\count326
\l__siunitx_table_tmp_box=\box112
\l__siunitx_table_tmp_dim=\dimen262
\l__siunitx_table_column_width_dim=\dimen263
\l__siunitx_table_integer_box=\box113
\l__siunitx_table_decimal_box=\box114
\l__siunitx_table_before_box=\box115
\l__siunitx_table_after_box=\box116
\l__siunitx_table_before_dim=\dimen264
\l__siunitx_table_carry_dim=\dimen265
\l__siunitx_unit_tmp_int=\count327
\l__siunitx_unit_position_int=\count328
\l__siunitx_unit_total_int=\count329
)
(d:/texlive/2022/texmf-dist/tex/latex/hyperref/hyperref.sty
Package: hyperref 2022-02-21 v7.00n Hypertext links for LaTeX

(d:/texlive/2022/texmf-dist/tex/generic/kvdefinekeys/kvdefinekeys.sty
Package: kvdefinekeys 2019-12-19 v1.6 Define keys (HO)
)
(d:/texlive/2022/texmf-dist/tex/generic/pdfescape/pdfescape.sty
Package: pdfescape 2019/12/09 v1.15 Implements pdfTeX's escape features (HO)
)
(d:/texlive/2022/texmf-dist/tex/latex/hycolor/hycolor.sty
Package: hycolor 2020-01-27 v1.10 Color options for hyperref/bookmark (HO)
)
(d:/texlive/2022/texmf-dist/tex/latex/letltxmacro/letltxmacro.sty
Package: letltxmacro 2019/12/03 v1.6 Let assignment for LaTeX macros (HO)
)
(d:/texlive/2022/texmf-dist/tex/latex/auxhook/auxhook.sty
Package: auxhook 2019-12-17 v1.6 Hooks for auxiliary files (HO)
)
\@linkdim=\dimen266
\Hy@linkcounter=\count330
\Hy@pagecounter=\count331

(d:/texlive/2022/texmf-dist/tex/latex/hyperref/pd1enc.def
File: pd1enc.def 2022-02-21 v7.00n Hyperref: PDFDocEncoding definition (HO)
Now handling font encoding PD1 ...
... no UTF-8 mapping file for font encoding PD1
)
(d:/texlive/2022/texmf-dist/tex/generic/intcalc/intcalc.sty
Package: intcalc 2019/12/15 v1.3 Expandable calculations with integers (HO)
)
(d:/texlive/2022/texmf-dist/tex/generic/etexcmds/etexcmds.sty
Package: etexcmds 2019/12/15 v1.7 Avoid name clashes with e-TeX commands (HO)
)
\Hy@SavedSpaceFactor=\count332

(d:/texlive/2022/texmf-dist/tex/latex/hyperref/puenc.def
File: puenc.def 2022-02-21 v7.00n Hyperref: PDF Unicode definition (HO)
Now handling font encoding PU ...
... no UTF-8 mapping file for font encoding PU
)
Package hyperref Info: Hyper figures OFF on input line 4137.
Package hyperref Info: Link nesting OFF on input line 4142.
Package hyperref Info: Hyper index ON on input line 4145.
Package hyperref Info: Plain pages OFF on input line 4152.
Package hyperref Info: Backreferencing OFF on input line 4157.
Package hyperref Info: Implicit mode ON; LaTeX internals redefined.
Package hyperref Info: Bookmarks ON on input line 4390.
\c@Hy@tempcnt=\count333

(d:/texlive/2022/texmf-dist/tex/latex/url/url.sty
\Urlmuskip=\muskip17
Package: url 2013/09/16  ver 3.4  Verb mode for urls, etc.
)
LaTeX Info: Redefining \url on input line 4749.
\XeTeXLinkMargin=\dimen267

(d:/texlive/2022/texmf-dist/tex/generic/bitset/bitset.sty
Package: bitset 2019/12/09 v1.3 Handle bit-vector datatype (HO)

(d:/texlive/2022/texmf-dist/tex/generic/bigintcalc/bigintcalc.sty
Package: bigintcalc 2019/12/15 v1.5 Expandable calculations on big integers (HO
)
))
\Fld@menulength=\count334
\Field@Width=\dimen268
\Fld@charsize=\dimen269
Package hyperref Info: Hyper figures OFF on input line 6027.
Package hyperref Info: Link nesting OFF on input line 6032.
Package hyperref Info: Hyper index ON on input line 6035.
Package hyperref Info: backreferencing OFF on input line 6042.
Package hyperref Info: Link coloring OFF on input line 6047.
Package hyperref Info: Link coloring with OCG OFF on input line 6052.
Package hyperref Info: PDF/A mode OFF on input line 6057.
LaTeX Info: Redefining \ref on input line 6097.
LaTeX Info: Redefining \pageref on input line 6101.

(d:/texlive/2022/texmf-dist/tex/latex/base/atbegshi-ltx.sty
Package: atbegshi-ltx 2021/01/10 v1.0c Emulation of the original atbegshi
package with kernel methods
)
\Hy@abspage=\count335
\c@Item=\count336
\c@Hfootnote=\count337
)
Package hyperref Info: Driver (autodetected): hpdftex.

(d:/texlive/2022/texmf-dist/tex/latex/hyperref/hpdftex.def
File: hpdftex.def 2022-02-21 v7.00n Hyperref driver for pdfTeX

(d:/texlive/2022/texmf-dist/tex/latex/base/atveryend-ltx.sty
Package: atveryend-ltx 2020/08/19 v1.0a Emulation of the original atveryend pac
kage
with kernel methods
)
\Fld@listcount=\count338
\c@bookmark@seq@number=\count339

(d:/texlive/2022/texmf-dist/tex/latex/rerunfilecheck/rerunfilecheck.sty
Package: rerunfilecheck 2019/12/05 v1.9 Rerun checks for auxiliary files (HO)

(d:/texlive/2022/texmf-dist/tex/generic/uniquecounter/uniquecounter.sty
Package: uniquecounter 2019/12/15 v1.4 Provide unlimited unique counter (HO)
)
Package uniquecounter Info: New unique counter `rerunfilecheck' on input line 2
86.
)
\Hy@SectionHShift=\skip83
)
(d:/texlive/2022/texmf-dist/tex/latex/float/float.sty
Package: float 2001/11/08 v1.3d Float enhancements (AL)
\c@float@type=\count340
\float@exts=\toks31
\float@box=\box117
\@float@everytoks=\toks32
\@floatcapt=\box118
)
(d:/texlive/2022/texmf-dist/tex/latex/tools/tabularx.sty
Package: tabularx 2020/01/15 v2.11c `tabularx' package (DPC)
\TX@col@width=\dimen270
\TX@old@table=\dimen271
\TX@old@col=\dimen272
\TX@target=\dimen273
\TX@delta=\dimen274
\TX@cols=\count341
\TX@ftn=\toks33
)
(d:/texlive/2022/texmf-dist/tex/latex/stellenbosch/usbib.sty
Package: usbib 2009/03/07 1.0 (DNJ Els)

(d:/texlive/2022/texmf-dist/tex/latex/natbib/natbib.sty
Package: natbib 2010/09/13 8.31b (PWD, AO)
\bibhang=\skip84
\bibsep=\skip85
LaTeX Info: Redefining \cite on input line 694.
\c@NAT@ctr=\count342
))
Package hyperref Info: Option `colorlinks' set `true' on input line 60.
 (./Nomenclature.tex
\c@g@acro@api@int=\count343
\c@g@acro@ble@int=\count344
\c@g@acro@uhf@int=\count345
\c@g@acro@bsig@int=\count346
\c@g@acro@bbr@int=\count347
\c@g@acro@ftms@int=\count348
\c@g@acro@gatt@int=\count349
\c@g@acro@sim@int=\count350
\c@g@acro@crr@int=\count351
\c@g@acro@cw@int=\count352
\c@g@acro@rpm@int=\count353
\c@g@acro@ide@int=\count354
\c@g@acro@ipc@int=\count355
\c@g@acro@rpc@int=\count356
\c@g@acro@dis@int=\count357
\c@g@acro@mtb@int=\count358
\c@g@acro@gpio@int=\count359
\c@g@acro@led@int=\count360
\c@g@acro@fec@int=\count361
\c@g@acro@uuid@int=\count362
\c@g@acro@fm@int=\count363
\c@g@acro@erg@int=\count364
\c@g@acro@ecb@int=\count365
\c@g@acro@nsoi@int=\count366
\c@g@acro@wsoi@int=\count367
\c@g@acro@upvc@int=\count368
\c@g@acro@cpu@int=\count369
\c@g@acro@dbus@int=\count370
\c@g@acro@thetadBrake@int=\count371
\c@g@acro@condDisk@int=\count372
\c@g@acro@B@int=\count373
\c@g@acro@v@int=\count374
\c@g@acro@I@int=\count375
\c@g@acro@F@int=\count376
\c@g@acro@T@int=\count377
\c@g@acro@theta@int=\count378
\c@g@acro@omega@int=\count379
\c@g@acro@Br@int=\count380
\c@g@acro@J@int=\count381
\c@g@acro@E@int=\count382
\c@g@acro@permeability@int=\count383
)
\c@reqCount=\count384

(./ExecutiveSummery.tex) (./ECSAEvaluation.tex)) (./ProjectOverview.tex)
(./Main.aux)
\openout1 = `Main.aux'.

LaTeX Font Info:    Checking defaults for OML/cmm/m/it on input line 21.
LaTeX Font Info:    ... okay on input line 21.
LaTeX Font Info:    Checking defaults for OMS/cmsy/m/n on input line 21.
LaTeX Font Info:    ... okay on input line 21.
LaTeX Font Info:    Checking defaults for OT1/cmr/m/n on input line 21.
LaTeX Font Info:    ... okay on input line 21.
LaTeX Font Info:    Checking defaults for T1/cmr/m/n on input line 21.
LaTeX Font Info:    ... okay on input line 21.
LaTeX Font Info:    Checking defaults for TS1/cmr/m/n on input line 21.
LaTeX Font Info:    ... okay on input line 21.
LaTeX Font Info:    Checking defaults for OMX/cmex/m/n on input line 21.
LaTeX Font Info:    ... okay on input line 21.
LaTeX Font Info:    Checking defaults for U/cmr/m/n on input line 21.
LaTeX Font Info:    ... okay on input line 21.
LaTeX Font Info:    Checking defaults for FML/futm/m/it on input line 21.
LaTeX Font Info:    Trying to load font information for FML+futm on input line 
21.
 (d:/texlive/2022/texmf-dist/tex/latex/fourier/fmlfutm.fd
File: fmlfutm.fd 2004/10/30 Fontinst v1.926 font definitions for FML/futm.
)
LaTeX Font Info:    ... okay on input line 21.
LaTeX Font Info:    Checking defaults for FMS/futm/m/n on input line 21.
LaTeX Font Info:    Trying to load font information for FMS+futm on input line 
21.

(d:/texlive/2022/texmf-dist/tex/latex/fourier/fmsfutm.fd
File: fmsfutm.fd 2004/10/30 Fontinst v1.926 font definitions for FMS/futm.
)
LaTeX Font Info:    ... okay on input line 21.
LaTeX Font Info:    Checking defaults for FMX/futm/m/n on input line 21.
LaTeX Font Info:    Trying to load font information for FMX+futm on input line 
21.

(d:/texlive/2022/texmf-dist/tex/latex/fourier/fmxfutm.fd
File: fmxfutm.fd futm-extension
)
LaTeX Font Info:    ... okay on input line 21.
LaTeX Font Info:    Checking defaults for PD1/pdf/m/n on input line 21.
LaTeX Font Info:    ... okay on input line 21.
LaTeX Font Info:    Checking defaults for PU/pdf/m/n on input line 21.
LaTeX Font Info:    ... okay on input line 21.
\c@mv@tabular=\count385
\c@mv@boldtabular=\count386

(d:/texlive/2022/texmf-dist/tex/context/base/mkii/supp-pdf.mkii
[Loading MPS to PDF converter (version 2006.09.02).]
\scratchcounter=\count387
\scratchdimen=\dimen275
\scratchbox=\box119
\nofMPsegments=\count388
\nofMParguments=\count389
\everyMPshowfont=\toks34
\MPscratchCnt=\count390
\MPscratchDim=\dimen276
\MPnumerator=\count391
\makeMPintoPDFobject=\count392
\everyMPtoPDFconversion=\toks35
) (d:/texlive/2022/texmf-dist/tex/latex/epstopdf-pkg/epstopdf-base.sty
Package: epstopdf-base 2020-01-24 v2.11 Base part for package epstopdf

(d:/texlive/2022/texmf-dist/tex/latex/grfext/grfext.sty
Package: grfext 2019/12/03 v1.3 Manage graphics extensions (HO)
)
Package epstopdf-base Info: Redefining graphics rule for `.eps' on input line 4
85.
Package grfext Info: Graphics extension search list:
(grfext)             [.pdf,.png,.jpg,.mps,.jpeg,.jbig2,.jb2,.PDF,.PNG,.JPG,.JPE
G,.JBIG2,.JB2,.eps]
(grfext)             \AppendGraphicsExtensions on input line 504.

(d:/texlive/2022/texmf-dist/tex/latex/latexconfig/epstopdf-sys.cfg
File: epstopdf-sys.cfg 2010/07/13 v1.3 Configuration of (r)epstopdf for TeX Liv
e
))
Package caption Info: Begin \AtBeginDocument code.
Package caption Info: float package is loaded.
Package caption Info: hyperref package is loaded.
Package caption Info: End \AtBeginDocument code.

(d:/texlive/2022/texmf-dist/tex/latex/translations/translations-basic-dictionar
y-english.trsl
File: translations-basic-dictionary-english.trsl (english translation file `tra
nslations-basic-dictionary')
)
Package translations Info: loading dictionary `translations-basic-dictionary' f
or `english'. on input line 21.
Package translations Info: no dictionary file `translations-basic-dictionary-af
rikaans.trsl' found. on input line 21.
Package hyperref Info: Link coloring ON on input line 21.
 (d:/texlive/2022/texmf-dist/tex/latex/hyperref/nameref.sty
Package: nameref 2021-04-02 v2.47 Cross-referencing by name of section

(d:/texlive/2022/texmf-dist/tex/latex/refcount/refcount.sty
Package: refcount 2019/12/15 v3.6 Data extraction from label references (HO)
)
(d:/texlive/2022/texmf-dist/tex/generic/gettitlestring/gettitlestring.sty
Package: gettitlestring 2019/12/15 v1.6 Cleanup title references (HO)
)
\c@section@level=\count393
)
LaTeX Info: Redefining \ref on input line 21.
LaTeX Info: Redefining \pageref on input line 21.
LaTeX Info: Redefining \nameref on input line 21.

(./Main.out) (./Main.out)
\@outlinefile=\write3
\openout3 = `Main.out'.

 (./FrontMatter.tex
Package epstopdf Info: Source file: <D:/texlive/2022/texmf-dist/tex/latex/stell
enbosch/logos/SU_logo.eps>
(epstopdf)                    date: 2022-08-04 02:43:36
(epstopdf)                    size: 25768 bytes
(epstopdf)             Output file: <D:/texlive/2022/texmf-dist/tex/latex/stell
enbosch/logos/SU_logo-eps-converted-to.pdf>
(epstopdf)                    date: 2022-08-04 02:46:22
(epstopdf)                    size: 10877 bytes
(epstopdf)             Command: <epstopdf --outfile=D:/texlive/2022/texmf-dist/
tex/latex/stellenbosch/logos/SU_logo-eps-converted-to.pdf D:/texlive/2022/texmf
-dist/tex/latex/stellenbosch/logos/SU_logo.eps>
(epstopdf)             \includegraphics on input line 9.
Package epstopdf Info: Output file is already uptodate.
<D:/texlive/2022/texmf-dist/tex/latex/stellenbosch/logos/SU_logo-eps-converted-
to.pdf, id=265, 413.545pt x 145.54375pt>
File: D:/texlive/2022/texmf-dist/tex/latex/stellenbosch/logos/SU_logo-eps-conve
rted-to.pdf Graphic file (type pdf)
<use D:/texlive/2022/texmf-dist/tex/latex/stellenbosch/logos/SU_logo-eps-conver
ted-to.pdf>
Package pdftex.def Info: D:/texlive/2022/texmf-dist/tex/latex/stellenbosch/logo
s/SU_logo-eps-converted-to.pdf  used on input line 9.
(pdftex.def)             Requested size: 192.62514pt x 67.79483pt.
LaTeX Font Info:    Trying to load font information for FML+futmi on input line
 9.

(d:/texlive/2022/texmf-dist/tex/latex/fourier/fmlfutmi.fd
File: fmlfutmi.fd 2004/10/30 Fontinst v1.926 font definitions for FML/futmi.
)
LaTeX Font Info:    Font shape `FMX/futm/m/n' will be
(Font)              scaled to size 15.89755pt on input line 9.
LaTeX Font Info:    Font shape `FMX/futm/m/n' will be
(Font)              scaled to size 11.03998pt on input line 9.
LaTeX Font Info:    Font shape `FMX/futm/m/n' will be
(Font)              scaled to size 8.27998pt on input line 9.
LaTeX Font Info:    Font shape `U/futm/m/n' will be
(Font)              scaled to size 15.89755pt on input line 9.
LaTeX Font Info:    Font shape `U/futm/m/n' will be
(Font)              scaled to size 11.03998pt on input line 9.
LaTeX Font Info:    Font shape `U/futm/m/n' will be
(Font)              scaled to size 8.27998pt on input line 9.
LaTeX Font Info:    Font shape `FMX/futm/m/n' will be
(Font)              scaled to size 6.43999pt on input line 9.
LaTeX Font Info:    Font shape `U/futm/m/n' will be
(Font)              scaled to size 6.43999pt on input line 9.
LaTeX Font Info:    Font shape `T1/EBGaramond-OsF/m/it' in size <12> not availa
ble
(Font)              Font shape `T1/EBGaramond-OsF/regular/it' tried instead on 
input line 9.
LaTeX Font Info:    Font shape `T1/EBGaramond-OsF/regular/it' will be
(Font)              scaled to size 12.0pt on input line 9.
LaTeX Font Info:    Font shape `T1/EBGaramond-OsF/b/it' in size <12> not availa
ble
(Font)              Font shape `T1/EBGaramond-OsF/bold/it' tried instead on inp
ut line 9.
LaTeX Font Info:    Font shape `T1/EBGaramond-OsF/bold/it' will be
(Font)              scaled to size 12.0pt on input line 9.
LaTeX Font Info:    Font shape `T1/EBGaramond-OsF/b/it' in size <10> not availa
ble
(Font)              Font shape `T1/EBGaramond-OsF/bold/it' tried instead on inp
ut line 9.
LaTeX Font Info:    Font shape `T1/EBGaramond-OsF/bold/it' will be
(Font)              scaled to size 10.0pt on input line 9.
LaTeX Font Info:    Trying to load font information for TS1+EBGaramond-OsF on i
nput line 9.

(d:/texlive/2022/texmf-dist/tex/latex/ebgaramond/TS1EBGaramond-OsF.fd
File: TS1EBGaramond-OsF.fd 2019/10/22 (autoinst) Font definitions for TS1/EBGar
amond-OsF.
)
LaTeX Font Info:    Font shape `TS1/EBGaramond-OsF/b/it' in size <10> not avail
able
(Font)              Font shape `TS1/EBGaramond-OsF/bold/it' tried instead on in
put line 9.
LaTeX Font Info:    Font shape `TS1/EBGaramond-OsF/bold/it' will be
(Font)              scaled to size 10.0pt on input line 9.
 [1



{d:/texlive/2022/texmf-var/fonts/map/pdftex/updmap/pdftex.map} <d:/texlive/2022
/texmf-dist/tex/latex/stellenbosch/logos/SU_logo-eps-converted-to.pdf>]
<graphics//Signature.jpg, id=277, 200.54926pt x 48.18pt>
File: graphics//Signature.jpg Graphic file (type jpg)
<use graphics//Signature.jpg>
Package pdftex.def Info: graphics//Signature.jpg  used on input line 14.
(pdftex.def)             Requested size: 71.0593pt x 17.07182pt.
LaTeX Font Info:    Trying to load font information for TS1+futs on input line 
14.

(d:/texlive/2022/texmf-dist/tex/latex/fourier/ts1futs.fd
File: ts1futs.fd 2003/09/14 Fontinst v1.801 font definitions for TS1/futs.
)
pdfTeX warning (ext4): destination with the same identifier (name{page.i}) has 
been already used, duplicate ignored
<to be read again> 
                   \relax 
l.15 \SummeryPage
                  [1


 <./graphics//Signature.jpg>]
LaTeX Font Info:    Trying to load font information for T1+cmss on input line 1
5.

(d:/texlive/2022/texmf-dist/tex/latex/base/t1cmss.fd
File: t1cmss.fd 2019/12/16 v2.5j Standard LaTeX font definitions
)
Underfull \hbox (badness 1810) in paragraph at lines 15--15
[]|\TS1/futs/m/n/10.95 ˆ \T1/futs/m/n/10.95 This project de-vel-oped a soft-war
e so-lu-tion with sup-port-ing doc-u-men-ta-tion for con-nect-ing and
 []

LaTeX Font Info:    Trying to load font information for T1+cmtt on input line 1
5.
(d:/texlive/2022/texmf-dist/tex/latex/base/t1cmtt.fd
File: t1cmtt.fd 2019/12/16 v2.5j Standard LaTeX font definitions
)
LaTeX Font Info:    Font shape `FMX/futm/m/n' will be
(Font)              scaled to size 10.07397pt on input line 15.
LaTeX Font Info:    Font shape `FMX/futm/m/n' will be
(Font)              scaled to size 7.63599pt on input line 15.
LaTeX Font Info:    Font shape `FMX/futm/m/n' will be
(Font)              scaled to size 5.51999pt on input line 15.
LaTeX Font Info:    Font shape `U/futm/m/n' will be
(Font)              scaled to size 10.07397pt on input line 15.
LaTeX Font Info:    Font shape `U/futm/m/n' will be
(Font)              scaled to size 7.63599pt on input line 15.
LaTeX Font Info:    Font shape `U/futm/m/n' will be
(Font)              scaled to size 5.51999pt on input line 15.

Overfull \hbox (8.0pt too wide) in alignment at lines 15--15
 [] 
 []

[2

]
File: graphics//Signature.jpg Graphic file (type jpg)
<use graphics//Signature.jpg>
Package pdftex.def Info: graphics//Signature.jpg  used on input line 15.
(pdftex.def)             Requested size: 71.0593pt x 17.07182pt.
 [3]
Underfull \hbox (badness 4819) in paragraph at lines 16--16
[]\T1/futs/m/n/10.95 The re-quire-ments for in-ter-ac-tion with the Zwift ap-pl
i-ca-tion, as well as the
 []


Underfull \hbox (badness 1484) in paragraph at lines 16--16
[]\T1/futs/m/n/10.95 The de-vel-op-ment of the smart trainer in-cludes a math-e
-mat-i-cal anal-y-sis of the
 []


Underfull \hbox (badness 7362) in paragraph at lines 16--16
[]\T1/futs/m/n/10.95 The de-vel-op-ment of elec-tronic com-po-nents and sub-com
ponents based on
 []


Underfull \hbox (badness 2042) in paragraph at lines 16--16
[]\T1/futs/m/n/10.95 The de-sign pro-cess for the hard-ware, soft-ware and elec
-tron-ics is doc-u-mented
 []


Underfull \hbox (badness 1168) in paragraph at lines 16--16
[]\T1/futs/m/n/10.95 This re-port pri-mar-ily aims to pro-vide feed-back on the
 tech-ni-cal as-pects of the
 []


Underfull \hbox (badness 3354) in paragraph at lines 16--16
\T1/futs/m/n/10.95 au-di-ence with an aca-demic back-ground in en-gi-neer-ing. 
The re-port will be
 []


Underfull \hbox (badness 1728) in paragraph at lines 16--16
\T1/futs/m/n/10.95 for use in this project. This in-cluded an in-ves-ti-ga-tion
 into com-mon prac-tice
 []

[4


] [5] [6] [7] (./Main.toc [8


] [9])
\tf@toc=\write4
\openout4 = `Main.toc'.

 [10] (./Main.lot)
\tf@lot=\write5
\openout5 = `Main.lot'.

 [11

] (./Main.lof
[12

])
\tf@lof=\write6
\openout6 = `Main.lof'.

 [13]) [14

] (./Introduction.tex
Chapter 1.

Underfull \hbox (badness 1122) in paragraph at lines 17--18
[]\T1/futs/m/n/12 Indoor train-ers pro-vide cy-clists with the op-por-tu-nity t
o train in-doors in a
 []

[1


]
Underfull \hbox (badness 1102) in paragraph at lines 22--23
[]\T1/futs/m/n/12 This need for a more en-ter-tain-ing and stim-u-lat-ing so-lu
-tion has given rise
 []

[2] [3]) (./Literature Review.tex [4]
Chapter 2.

Underfull \hbox (badness 3128) in paragraph at lines 20--21
\T1/futs/m/n/12 The lit-er-a-ture re-view is per-formed to demon-strate the in-
ves-ti-ga-tion and
 []


Underfull \hbox (badness 1484) in paragraph at lines 20--21
\T1/futs/m/n/12 re-fine-ment of the tech-ni-cal re-quire-ments for com-pat-i-bi
l-ity with Zwift and
 []


Underfull \hbox (badness 2165) in paragraph at lines 20--21
\T1/futs/m/n/12 the train-ing plat-form that was sub-se-quently de-vel-oped. Th
ese tech-ni-cal
 []


Underfull \hbox (badness 1303) in paragraph at lines 26--27
[]\T1/futs/m/n/12 Since this lit-er-a-ture re-view was per-formed over the en-t
ire progress of the
 []

[5

]
Underfull \hbox (badness 1424) in paragraph at lines 33--34
[]\T1/futs/m/n/12 The ap-pli-ca-tion is avail-able from the of-fi-cial web-site
, and is avail-able for
 []

<graphics//ZwiftConnection.jpg, id=637, 4446.6125pt x 2870.725pt>
File: graphics//ZwiftConnection.jpg Graphic file (type jpg)
<use graphics//ZwiftConnection.jpg>
Package pdftex.def Info: graphics//ZwiftConnection.jpg  used on input line 37.
(pdftex.def)             Requested size: 278.59879pt x 179.85791pt.
[6 <./graphics//ZwiftConnection.jpg>]
Underfull \hbox (badness 1102) in paragraph at lines 50--51
[]\T1/futs/m/n/12 If the con-nected train-ing plat-form uti-lizes ANT+, the Fit
-ness Equip-ment -
 []


Underfull \hbox (badness 1348) in paragraph at lines 50--51
\T1/futs/m/n/12 Con-trol ([][][][][][][][])[] pro-to-col is im-ple-mented for c
om-mu-ni-ca-tion, where a [][][][][][][][][]
 []


Underfull \hbox (badness 1248) in paragraph at lines 53--54
\T1/futs/m/n/12 The most im-por-tant pa-ram-e-ter that is re-quired for ex-pe-r
i-enc-ing the Zwift
 []

[7]

Package hyperref Warning: Token not allowed in a PDF string (Unicode):
(hyperref)                removing `\acf' on input line 80.


Underfull \hbox (badness 1052) in paragraph at lines 83--84
\T1/futs/m/n/12 used in con-sumer prod-ucts across many in-dus-tries. Both [][]
[][][][][][][] and ANT+
 []


Underfull \hbox (badness 6252) in paragraph at lines 83--84
\T1/futs/m/n/12 de-vices com-mu-ni-cate over Ultra-High Fre-quency ([][][][][][
][][])[] elec-tro-mag-netic
 []

[8]
<graphics//Bleant.jpg, id=692, 236.082pt x 69.861pt>
File: graphics//Bleant.jpg Graphic file (type jpg)
<use graphics//Bleant.jpg>
Package pdftex.def Info: graphics//Bleant.jpg  used on input line 87.
(pdftex.def)             Requested size: 199.0pt x 58.88855pt.

Underfull \hbox (badness 1360) in paragraph at lines 96--97
\T1/futs/m/n/12 tech-nol-ogy that al-lows for com-mu-ni-ca-tion be-tween sen-so
rs and mon-i-tors,
 []


Underfull \hbox (badness 2103) in paragraph at lines 96--97
\T1/futs/m/n/12 and is pri-mar-ily used for ac-tiv-ity track-ing. The pro-pri-e
ty na-ture of the
 []


Underfull \hbox (badness 3690) in paragraph at lines 96--97
\T1/futs/m/n/12 ANT+ tech-nol-ogy, mean-ing that a spe-cific ANT+ don-gle is re
-quired for
 []


Underfull \hbox (badness 1043) in paragraph at lines 96--97
\T1/futs/m/n/12 im-ple-men-ta-tion, makes this pro-to-col less ideal for this p
roject as it lim-its
 []


Underfull \hbox (badness 10000) in paragraph at lines 96--97
\T1/futs/m/n/12 the ac-ces-si-bil-ity for pos-si-ble fu-ture de-vel-op-ment and
 im-ple-men-ta-tion.
 []


Underfull \hbox (badness 5504) in paragraph at lines 98--99
[]\T1/futs/m/n/12 The ANT+ [][][][][][][][][] pro-to-col was de-vel-oped specif
-i-cally for smart train-ing
 []


Package hyperref Warning: Token not allowed in a PDF string (Unicode):
(hyperref)                removing `\acf' on input line 100.

LaTeX Font Info:    Font shape `FMX/futm/m/n' will be
(Font)              scaled to size 9.19998pt on input line 101.
LaTeX Font Info:    Font shape `FMX/futm/m/n' will be
(Font)              scaled to size 6.99199pt on input line 101.
LaTeX Font Info:    Font shape `U/futm/m/n' will be
(Font)              scaled to size 9.19998pt on input line 101.
LaTeX Font Info:    Font shape `U/futm/m/n' will be
(Font)              scaled to size 6.99199pt on input line 101.

Underfull \hbox (badness 1442) in paragraph at lines 101--102
[][][][][][][][][] \T1/futs/m/n/12 is one of two stan-dards for Blue-tooth com-
mu-ni-ca-tion that has been
 []

[9 <./graphics//Bleant.jpg>]
Underfull \hbox (badness 3000) in paragraph at lines 103--104
\T1/futs/m/n/12 per-formed us-ing pro-pri-etary pro-to-cols pro-vided by the ma
n-u-fac-tur-ers of
 []


Underfull \hbox (badness 3536) in paragraph at lines 127--128
\T1/futs/m/n/12 com-plex-ity to equip-ment man-u-fac-tur-ers. Ta-ble [][]2.1[][
] shows the dif-fer-ent
 []

[10]

Package hyperref Warning: Token not allowed in a PDF string (Unicode):
(hyperref)                removing `\acf' on input line 133.

<graphics//BLEnet.jpg, id=747, 9907.0125pt x 5078.975pt>
File: graphics//BLEnet.jpg Graphic file (type jpg)
<use graphics//BLEnet.jpg>
Package pdftex.def Info: graphics//BLEnet.jpg  used on input line 140.
(pdftex.def)             Requested size: 398.0pt x 203.97688pt.

Underfull \hbox (badness 1360) in paragraph at lines 146--147
\T1/futs/m/n/12 pro-to-col is di-vided into var-i-ous stan-dard-ized and pro-pr
i-etary pro-files that
 []

[11 <./graphics//BLEnet.jpg>]
<graphics//BLEservice.jpg, id=767, 8662.3625pt x 3051.4pt>
File: graphics//BLEservice.jpg Graphic file (type jpg)
<use graphics//BLEservice.jpg>
Package pdftex.def Info: graphics//BLEservice.jpg  used on input line 172.
(pdftex.def)             Requested size: 358.19757pt x 126.13254pt.

Underfull \hbox (badness 3229) in paragraph at lines 179--180
\T1/futs/m/n/12 struc-ture con-tains an Uni-ver-sal Unique Iden-ti-fier ([][][]
[][][][][])[], grants cer-tain
 []


Underfull \hbox (badness 1348) in paragraph at lines 179--180
\T1/futs/m/n/12 ap-pli-ca-tion is es-tab-lished over [][][][][][][][][], the []
[][][][][][][][] ser-vice is im-ple-mented for
 []

[12 <./graphics//BLEservice.jpg>]
Underfull \hbox (badness 1616) in paragraph at lines 183--184
\T1/futs/m/n/12 spec-i-fi-ca-tion un-der the Generic AT-Tribute Pro-file ([][][
][][][][][])[] with a [][][][][][][][][] of
 []


Underfull \hbox (badness 2818) in paragraph at lines 183--184
\T1/futs/m/n/12 are listed in ta-ble [][]2.3[][], along with their [][][][][][]
[][][] and re-quired prop-er-ties.
 []


Overfull \hbox (1.55527pt too wide) in paragraph at lines 204--204
[]|\T1/futs/m/n/12 0x2AD2| 
 []


Overfull \hbox (1.55527pt too wide) in paragraph at lines 204--204
[]|\T1/futs/m/n/12 0x2AD3| 
 []


Overfull \hbox (1.55527pt too wide) in paragraph at lines 204--204
[]|\T1/futs/m/n/12 0x2AD4| 
 []


Overfull \hbox (1.55527pt too wide) in paragraph at lines 204--204
[]|\T1/futs/m/n/12 0x2AD8| 
 []


Overfull \hbox (1.55527pt too wide) in paragraph at lines 204--204
[]|\T1/futs/m/n/12 0x2AD9| 
 []


Overfull \hbox (2.70728pt too wide) in paragraph at lines 204--204
[]|\T1/futs/m/n/12 0x2ADA| 
 []


Overfull \hbox (1.85526pt too wide) in paragraph at lines 204--204
[]|\T1/futs/m/n/12 0x2ACC| 
 []


Underfull \hbox (badness 4266) in paragraph at lines 213--214
\T1/futs/m/n/12 This mode is de-fined in the [][][][][][][][][] doc-u-men-ta-ti
on, and needs Con-trol
 []

[13] [14]
<graphics//Roller.jpg, id=853, 216.81pt x 71.76813pt>
File: graphics//Roller.jpg Graphic file (type jpg)
<use graphics//Roller.jpg>
Package pdftex.def Info: graphics//Roller.jpg  used on input line 247.
(pdftex.def)             Requested size: 119.40121pt x 39.52405pt.
<graphics//Trainer_WheelOn.jpg, id=855, 216.81pt x 155.58125pt>
File: graphics//Trainer_WheelOn.jpg Graphic file (type jpg)
<use graphics//Trainer_WheelOn.jpg>
Package pdftex.def Info: graphics//Trainer_WheelOn.jpg  used on input line 254.

(pdftex.def)             Requested size: 119.40121pt x 85.68152pt.
<graphics//Trainer_DirectDrive.jpg, id=856, 216.81pt x 149.05687pt>
File: graphics//Trainer_DirectDrive.jpg Graphic file (type jpg)
<use graphics//Trainer_DirectDrive.jpg>
Package pdftex.def Info: graphics//Trainer_DirectDrive.jpg  used on input line 
261.
(pdftex.def)             Requested size: 119.40121pt x 82.08842pt.
<graphics//indoorTrainer.jpg, id=859, 501.875pt x 501.875pt>
File: graphics//indoorTrainer.jpg Graphic file (type jpg)
<use graphics//indoorTrainer.jpg>
Package pdftex.def Info: graphics//indoorTrainer.jpg  used on input line 276.
(pdftex.def)             Requested size: 119.40121pt x 119.39565pt.
<graphics//measureMTB.jpg, id=863, 696.201pt x 417.9615pt>
File: graphics//measureMTB.jpg Graphic file (type jpg)
<use graphics//measureMTB.jpg>
Package pdftex.def Info: graphics//measureMTB.jpg  used on input line 294.
(pdftex.def)             Requested size: 199.0pt x 119.46465pt.
<graphics//measureRoad.jpg, id=870, 780.516pt x 466.74374pt>
File: graphics//measureRoad.jpg Graphic file (type jpg)
<use graphics//measureRoad.jpg>
Package pdftex.def Info: graphics//measureRoad.jpg  used on input line 300.
(pdftex.def)             Requested size: 199.0pt x 119.00027pt.
 [15 <./graphics//Roller.jpg> <./graphics//Trainer_WheelOn.jpg> <./graphics//Tr
ainer_DirectDrive.jpg> <./graphics//indoorTrainer.jpg>]
Overfull \hbox (1.01228pt too wide) in paragraph at lines 326--326
[]|\T1/futs/m/n/12 Smallest| 
 []


Overfull \hbox (1.01228pt too wide) in paragraph at lines 326--326
[]|\T1/futs/m/n/12 Smallest| 
 []


Underfull \hbox (badness 10000) in paragraph at lines 326--326
[]|\T1/futs/m/n/12 Specialized
 []


Overfull \hbox (4.40462pt too wide) in paragraph at lines 326--326
[]|$\T1/futs/m/n/12 1012$$[]$| 
 []


Underfull \hbox (badness 10000) in paragraph at lines 326--326
[]|\T1/futs/m/n/12 Specialized
 []


Overfull \hbox (4.40462pt too wide) in paragraph at lines 326--326
[]|$\T1/futs/m/n/12 1116$$[]$| 
 []


Overfull \hbox (4.40462pt too wide) in paragraph at lines 326--326
[]|$\T1/futs/m/n/12 1211$$[]$| 
 []


Underfull \hbox (badness 10000) in paragraph at lines 326--326
[]|\T1/futs/m/n/12 Specialized
 []


Overfull \hbox (4.40462pt too wide) in paragraph at lines 326--326
[]|$\T1/futs/m/n/12 1024$$[]$| 
 []


Overfull \hbox (4.40462pt too wide) in paragraph at lines 326--326
[]|$\T1/futs/m/n/12 1144$$[]$| 
 []


Overfull \hbox (4.40462pt too wide) in paragraph at lines 326--326
[]|$\T1/futs/m/n/12 1323$$[]$| 
 []


Overfull \hbox (4.40462pt too wide) in paragraph at lines 326--326
[]|$\T1/futs/m/n/12 1024$$[]$| 
 []


Underfull \hbox (badness 10000) in paragraph at lines 326--326
[]|\T1/futs/m/n/12 Specialized
 []


Overfull \hbox (4.40462pt too wide) in paragraph at lines 326--326
[]|$\T1/futs/m/n/12 1152$$[]$| 
 []


Overfull \hbox (4.40462pt too wide) in paragraph at lines 326--326
[]|$\T1/futs/m/n/12 1302$$[]$| 
 []

[16 <./graphics//measureMTB.jpg> <./graphics//measureRoad.jpg>]
<graphics//EddyCurrentBrakePrince.jpg, id=908, 321.05788pt x 131.1093pt>
File: graphics//EddyCurrentBrakePrince.jpg Graphic file (type jpg)
<use graphics//EddyCurrentBrakePrince.jpg>
Package pdftex.def Info: graphics//EddyCurrentBrakePrince.jpg  used on input li
ne 343.
(pdftex.def)             Requested size: 238.80243pt x 97.52148pt.
 [17 <./graphics//EddyCurrentBrakePrince.jpg>]
<graphics//Brake Layout.jpg, id=962, 907.59074pt x 482.40225pt>
File: graphics//Brake Layout.jpg Graphic file (type jpg)
<use graphics//Brake Layout.jpg>
Package pdftex.def Info: graphics//Brake Layout.jpg  used on input line 388.
(pdftex.def)             Requested size: 278.59879pt x 148.07834pt.
 [18 <./graphics//Brake Layout.jpg>]
<graphics//EddyCurrentBrake.jpg, id=998, 2870.725pt x 2325.68875pt>
File: graphics//EddyCurrentBrake.jpg Graphic file (type jpg)
<use graphics//EddyCurrentBrake.jpg>
Package pdftex.def Info: graphics//EddyCurrentBrake.jpg  used on input line 422
.
(pdftex.def)             Requested size: 238.80243pt x 193.44022pt.
 [19 <./graphics//EddyCurrentBrake.jpg>]
<graphics//OpticalEncoder.jpg, id=1009, 264.99pt x 253.69781pt>
File: graphics//OpticalEncoder.jpg Graphic file (type jpg)
<use graphics//OpticalEncoder.jpg>
Package pdftex.def Info: graphics//OpticalEncoder.jpg  used on input line 439.
(pdftex.def)             Requested size: 139.30243pt x 133.36754pt.

Underfull \hbox (badness 2573) in paragraph at lines 453--454
\T1/futs/m/n/12 Time-based tachome-ters cal-cu-late the ro-ta-tional speed by m
ea-sur-ing the
 []

[20 <./graphics//OpticalEncoder.jpg>]) (./Concept Design.tex [21]
Chapter 3.

Underfull \hbox (badness 1946) in paragraph at lines 14--15
[]\T1/futs/m/n/12 In or-der to avoid con-fu-sion, some com-monly used terms are
 de-fined in
 []


Overfull \hbox (1.11836pt too wide) in paragraph at lines 60--60
 []|\T1/futs/m/n/12 Reference| 
 []

[22

]
Overfull \hbox (1.11836pt too wide) in paragraph at lines 85--85
 []|\T1/futs/m/n/12 Reference| 
 []


Overfull \hbox (6.23853pt too wide) in paragraph at lines 85--85
[]|$[] \T1/futs/m/n/12 h[]$| 
 []

[23]
<graphics//SOI.jpg, id=1091, 7849.325pt x 3141.7375pt>
File: graphics//SOI.jpg Graphic file (type jpg)
<use graphics//SOI.jpg>
Package pdftex.def Info: graphics//SOI.jpg  used on input line 103.
(pdftex.def)             Requested size: 398.0pt x 159.30127pt.

Overfull \hbox (2.08081pt too wide) in paragraph at lines 125--125
[]|\T1/futs/m/n/12 Interface| 
 []

[24 <./graphics//SOI.jpg>]
Underfull \hbox (badness 1308) in paragraph at lines 135--136
\T1/futs/m/n/12 Roller train-ers are the most ro-bust plat-form, al-low-ing any
 type of bi-cy-cle
 []


Underfull \hbox (badness 1009) in paragraph at lines 147--148
\T1/futs/m/n/12 Control and com-mu-ni-ca-tion func-tions of the sys-tem will be
 han-dled by a
 []


Underfull \hbox (badness 7203) in paragraph at lines 147--148
\T1/futs/m/n/12 se-lected hard-ware and elec-tron-ics with the de-vel-oped com-
mu-ni-ca-tions
 []

[25]) (./Hardware Development.tex [26]
Chapter 4.

Underfull \hbox (badness 2564) in paragraph at lines 16--17
\T1/futs/m/n/12 Roller train-ers re-quire smooth and con-stant cy-cling for sta
-ble op-er-a-tion.
 []


Underfull \hbox (badness 1655) in paragraph at lines 20--21
[]\T1/futs/m/n/12 Figure [][]4.1a[][] shows a com-par-i-son of the ro-ta-tional
 speed ex-pected for the
 []

<graphics//SpeedCalculations.jpg, id=1158, 3127.685pt x 2467.2175pt>
File: graphics//SpeedCalculations.jpg Graphic file (type jpg)
<use graphics//SpeedCalculations.jpg>
Package pdftex.def Info: graphics//SpeedCalculations.jpg  used on input line 26
.
(pdftex.def)             Requested size: 189.05243pt x 149.11841pt.
<graphics//SpeedCalculations2.jpg, id=1159, 2988.16376pt x 2467.2175pt>
File: graphics//SpeedCalculations2.jpg Graphic file (type jpg)
<use graphics//SpeedCalculations2.jpg>
Package pdftex.def Info: graphics//SpeedCalculations2.jpg  used on input line 3
3.
(pdftex.def)             Requested size: 189.05243pt x 156.08304pt.
<graphics//SpeedLegend.jpg, id=1160, 603.25375pt x 547.04375pt>
File: graphics//SpeedLegend.jpg Graphic file (type jpg)
<use graphics//SpeedLegend.jpg>
Package pdftex.def Info: graphics//SpeedLegend.jpg  used on input line 39.
(pdftex.def)             Requested size: 56.7163pt x 51.42712pt.
[27

]
<graphics//rollerCad.jpg, id=1169, 638.98724pt x 438.438pt>
File: graphics//rollerCad.jpg Graphic file (type jpg)
<use graphics//rollerCad.jpg>
Package pdftex.def Info: graphics//rollerCad.jpg  used on input line 57.
(pdftex.def)             Requested size: 159.19757pt x 109.22789pt.
 [28 <./graphics//SpeedCalculations.jpg> <./graphics//SpeedCalculations2.jpg> <
./graphics//SpeedLegend.jpg>]
<graphics//IdleRollerCut.jpg, id=1180, 769.07326pt x 510.10574pt>
File: graphics//IdleRollerCut.jpg Graphic file (type jpg)
<use graphics//IdleRollerCut.jpg>
Package pdftex.def Info: graphics//IdleRollerCut.jpg  used on input line 78.
(pdftex.def)             Requested size: 199.0pt x 131.9861pt.
<graphics//rollerBuilt.jpg, id=1181, 2968.08875pt x 2188.175pt>
File: graphics//rollerBuilt.jpg Graphic file (type jpg)
<use graphics//rollerBuilt.jpg>
Package pdftex.def Info: graphics//rollerBuilt.jpg  used on input line 84.
(pdftex.def)             Requested size: 199.0pt x 146.67708pt.
 [29 <./graphics//rollerCad.jpg>]
<graphics//PowerRollerCut.jpg, id=1188, 778.70924pt x 530.58224pt>
File: graphics//PowerRollerCut.jpg Graphic file (type jpg)
<use graphics//PowerRollerCut.jpg>
Package pdftex.def Info: graphics//PowerRollerCut.jpg  used on input line 102.
(pdftex.def)             Requested size: 246.75806pt x 168.1301pt.
 [30 <./graphics//IdleRollerCut.jpg> <./graphics//rollerBuilt.jpg> <./graphics/
/PowerRollerCut.jpg>]
<graphics//TorqueCalculations.jpg, id=1197, 3034.33624pt x 2466.21375pt>
File: graphics//TorqueCalculations.jpg Graphic file (type jpg)
<use graphics//TorqueCalculations.jpg>
Package pdftex.def Info: graphics//TorqueCalculations.jpg  used on input line 1
22.
(pdftex.def)             Requested size: 238.80243pt x 194.06483pt.

Underfull \hbox (badness 1137) in paragraph at lines 132--133
\T1/futs/m/n/12 mag-nets have an iron back-ing that serves to con-tain and con-
cen-trate the
 []

<graphics//MagnetsNoIron.jpg, id=1201, 688.5725pt x 366.36874pt>
File: graphics//MagnetsNoIron.jpg Graphic file (type jpg)
<use graphics//MagnetsNoIron.jpg>
Package pdftex.def Info: graphics//MagnetsNoIron.jpg  used on input line 138.
(pdftex.def)             Requested size: 159.2006pt x 84.70467pt.
<graphics//MagnetsIron.jpg, id=1202, 685.56125pt x 361.35pt>
File: graphics//MagnetsIron.jpg Graphic file (type jpg)
<use graphics//MagnetsIron.jpg>
Package pdftex.def Info: graphics//MagnetsIron.jpg  used on input line 144.
(pdftex.def)             Requested size: 159.2006pt x 83.91376pt.
[31 <./graphics//TorqueCalculations.jpg>]
Underfull \hbox (badness 1412) in paragraph at lines 157--158
\T1/futs/m/n/12 Figure [][]4.7[][] demon-strates that the to-tal mag-netic flux
 den-sity be-tween two
 []

<graphics//electromagnetism.jpg, id=1210, 246.9225pt x 302.3295pt>
File: graphics//electromagnetism.jpg Graphic file (type jpg)
<use graphics//electromagnetism.jpg>
Package pdftex.def Info: graphics//electromagnetism.jpg  used on input line 161
.
(pdftex.def)             Requested size: 119.40121pt x 146.19138pt.
<graphics//BrakeArrayBig.jpg, id=1215, 754.82pt x 779.91376pt>
File: graphics//BrakeArrayBig.jpg Graphic file (type jpg)
<use graphics//BrakeArrayBig.jpg>
Package pdftex.def Info: graphics//BrakeArrayBig.jpg  used on input line 173.
(pdftex.def)             Requested size: 115.55618pt x 119.40121pt.
<graphics//BrakeArrayMax.jpg, id=1216, 402.50375pt x 880.28876pt>
File: graphics//BrakeArrayMax.jpg Graphic file (type jpg)
<use graphics//BrakeArrayMax.jpg>
Package pdftex.def Info: graphics//BrakeArrayMax.jpg  used on input line 180.
(pdftex.def)             Requested size: 54.59361pt x 119.40121pt.
<graphics//BrakeArrayMin.jpg, id=1217, 326.21875pt x 747.79375pt>
File: graphics//BrakeArrayMin.jpg Graphic file (type jpg)
<use graphics//BrakeArrayMin.jpg>
Package pdftex.def Info: graphics//BrakeArrayMin.jpg  used on input line 187.
(pdftex.def)             Requested size: 52.08655pt x 119.40121pt.
[32 <./graphics//MagnetsNoIron.jpg> <./graphics//MagnetsIron.jpg> <./graphics//
electromagnetism.jpg>]
Underfull \hbox (badness 1303) in paragraph at lines 197--198
\T1/futs/m/n/12 are ori-en-tated with op-po-site poles di-rectly fac-ing each o
ther as shown in
 []


Underfull \hbox (badness 5475) in paragraph at lines 201--202
\T1/futs/m/n/12 Using the math-e-mat-i-cal model demon-strated in Chap-ter [][]
2.6[][], the fi-nal
 []


Underfull \hbox (badness 4595) in paragraph at lines 201--202
\T1/futs/m/n/12 pa-ram-e-ters for the eddy cur-rent brake were de-ter-mined thr
ough many
 []

<graphics//magnetD.jpg, id=1233, 442.65375pt x 417.9615pt>
File: graphics//magnetD.jpg Graphic file (type jpg)
<use graphics//magnetD.jpg>
Package pdftex.def Info: graphics//magnetD.jpg  used on input line 216.
(pdftex.def)             Requested size: 101.15979pt x 95.5195pt.
<graphics//magnetBr.jpg, id=1234, 730.52925pt x 457.10776pt>
File: graphics//magnetBr.jpg Graphic file (type jpg)
<use graphics//magnetBr.jpg>
Package pdftex.def Info: graphics//magnetBr.jpg  used on input line 223.
(pdftex.def)             Requested size: 152.64653pt x 95.5195pt.
[33 <./graphics//BrakeArrayBig.jpg> <./graphics//BrakeArrayMax.jpg> <./graphics
//BrakeArrayMin.jpg>]
<graphics//BrakeArray.jpg, id=1246, 1501.61pt x 1512.65125pt>
File: graphics//BrakeArray.jpg Graphic file (type jpg)
<use graphics//BrakeArray.jpg>
Package pdftex.def Info: graphics//BrakeArray.jpg  used on input line 240.
(pdftex.def)             Requested size: 126.40933pt x 127.35854pt.
<graphics//BrakeView.jpg, id=1247, 704.6325pt x 1434.35875pt>
File: graphics//BrakeView.jpg Graphic file (type jpg)
<use graphics//BrakeView.jpg>
Package pdftex.def Info: graphics//BrakeView.jpg  used on input line 247.
(pdftex.def)             Requested size: 62.56479pt x 127.35854pt.

Underfull \hbox (badness 1097) in paragraph at lines 257--258
[]\T1/futs/m/n/12 Using Equa-tion [][]2.6[][], Equa-tion [][]2.7[][] and Equa-t
ion [][]2.8[][], the the-o-ret-i-cal torque
 []

<graphics//BrakeDesign.jpg, id=1254, 3346.5025pt x 2467.2175pt>
File: graphics//BrakeDesign.jpg Graphic file (type jpg)
<use graphics//BrakeDesign.jpg>
Package pdftex.def Info: graphics//BrakeDesign.jpg  used on input line 261.
(pdftex.def)             Requested size: 238.80243pt x 176.03577pt.
[34 <./graphics//magnetD.jpg> <./graphics//magnetBr.jpg> <./graphics//BrakeArra
y.jpg> <./graphics//BrakeView.jpg>]
<graphics//RearFrameDesign.jpg, id=1263, 1128.215pt x 839.135pt>
File: graphics//RearFrameDesign.jpg Graphic file (type jpg)
<use graphics//RearFrameDesign.jpg>
Package pdftex.def Info: graphics//RearFrameDesign.jpg  used on input line 280.

(pdftex.def)             Requested size: 159.19757pt x 118.4pt.
 [35 <./graphics//BrakeDesign.jpg> <./graphics//RearFrameDesign.jpg>]
<graphics//RearFrameBuilt.jpg, id=1271, 4047.12pt x 3035.34pt>
File: graphics//RearFrameBuilt.jpg Graphic file (type jpg)
<use graphics//RearFrameBuilt.jpg>
Package pdftex.def Info: graphics//RearFrameBuilt.jpg  used on input line 293.
(pdftex.def)             Requested size: 199.0pt x 149.22853pt.
<graphics//FrontFrameDesign.jpg, id=1274, 1438.37375pt x 906.38625pt>
File: graphics//FrontFrameDesign.jpg Graphic file (type jpg)
<use graphics//FrontFrameDesign.jpg>
Package pdftex.def Info: graphics//FrontFrameDesign.jpg  used on input line 310
.
(pdftex.def)             Requested size: 159.19757pt x 100.31133pt.
 [36 <./graphics//RearFrameBuilt.jpg>]
Underfull \hbox (badness 2253) in paragraph at lines 317--318
[]\T1/futs/m/n/12 Figure [][]4.15[][] shows the fi-nal con-structed front sec-t
ion of the trainer with
 []

<graphics//FrontFrameBuilt.jpg, id=1280, 3570.33875pt x 2658.93375pt>
File: graphics//FrontFrameBuilt.jpg Graphic file (type jpg)
<use graphics//FrontFrameBuilt.jpg>
Package pdftex.def Info: graphics//FrontFrameBuilt.jpg  used on input line 321.

(pdftex.def)             Requested size: 238.80243pt x 177.82712pt.
[37 <./graphics//FrontFrameDesign.jpg> <./graphics//FrontFrameBuilt.jpg>]
<graphics//FrameFull.jpg, id=1288, 4047.12pt x 3035.34pt>
File: graphics//FrameFull.jpg Graphic file (type jpg)
<use graphics//FrameFull.jpg>
Package pdftex.def Info: graphics//FrameFull.jpg  used on input line 336.
(pdftex.def)             Requested size: 238.80243pt x 179.05571pt.
<graphics//FrameFold.jpg, id=1290, 4047.12pt x 3035.34pt>
File: graphics//FrameFold.jpg Graphic file (type jpg)
<use graphics//FrameFold.jpg>
Package pdftex.def Info: graphics//FrameFold.jpg  used on input line 347.
(pdftex.def)             Requested size: 199.0pt x 149.22853pt.
)
(./Electronics Development.tex [38 <./graphics//FrameFull.jpg> <./graphics//Fra
meFold.jpg>]
Chapter 5.
<graphics//Circuit.jpg, id=1295, 551.661pt x 505.28775pt>
File: graphics//Circuit.jpg Graphic file (type jpg)
<use graphics//Circuit.jpg>
Package pdftex.def Info: graphics//Circuit.jpg  used on input line 7.
(pdftex.def)             Requested size: 358.19757pt x 328.0862pt.

Underfull \hbox (badness 1107) in paragraph at lines 15--16
\T1/futs/m/n/12 Optical ro-tary en-coder tachome-ters are used to mea-sure the 
speed of the
 []

[39

 <./graphics//Circuit.jpg>]
<graphics//RPR220.jpg, id=1302, 165.0165pt x 155.98276pt>
File: graphics//RPR220.jpg Graphic file (type jpg)
<use graphics//RPR220.jpg>
Package pdftex.def Info: graphics//RPR220.jpg  used on input line 21.
(pdftex.def)             Requested size: 111.44237pt x 105.34093pt.
<graphics//SensorCircuit.JPG, id=1304, 436.63126pt x 243.91125pt>
File: graphics//SensorCircuit.JPG Graphic file (type jpg)
<use graphics//SensorCircuit.JPG>
Package pdftex.def Info: graphics//SensorCircuit.JPG  used on input line 29.
(pdftex.def)             Requested size: 191.04266pt x 106.71834pt.
 [40 <./graphics//RPR220.jpg> <./graphics//SensorCircuit.JPG>]
Underfull \hbox (badness 1616) in paragraph at lines 59--60
\T1/futs/m/n/12 The ``Rpi.GPIO'' li-brary on the Rasp-berry Pi al-lows for in-t
er-rupt ac-ti-vated
 []

<graphics//MeasureWheel.jpg, id=1319, 287.27325pt x 284.262pt>
File: graphics//MeasureWheel.jpg Graphic file (type jpg)
<use graphics//MeasureWheel.jpg>
Package pdftex.def Info: graphics//MeasureWheel.jpg  used on input line 67.
(pdftex.def)             Requested size: 119.40121pt x 118.1487pt.
<graphics//speedSensor.jpg, id=1320, 2464.20625pt x 1915.155pt>
File: graphics//speedSensor.jpg Graphic file (type jpg)
<use graphics//speedSensor.jpg>
Package pdftex.def Info: graphics//speedSensor.jpg  used on input line 74.
(pdftex.def)             Requested size: 232.82623pt x 180.94803pt.
[41 <./graphics//MeasureWheel.jpg> <./graphics//speedSensor.jpg>]
<graphics//StepperMotor.jpg, id=1330, 215.80624pt x 178.6675pt>
File: graphics//StepperMotor.jpg Graphic file (type jpg)
<use graphics//StepperMotor.jpg>
Package pdftex.def Info: graphics//StepperMotor.jpg  used on input line 94.
(pdftex.def)             Requested size: 103.10175pt x 85.35826pt.
<graphics//StepperDriver.jpg, id=1332, 453.19313pt x 339.51843pt>
File: graphics//StepperDriver.jpg Graphic file (type jpg)
<use graphics//StepperDriver.jpg>
Package pdftex.def Info: graphics//StepperDriver.jpg  used on input line 101.
(pdftex.def)             Requested size: 94.94516pt x 71.13188pt.

Underfull \hbox (badness 2103) in paragraph at lines 116--117
\T1/futs/m/n/12 com-po-nents are mounted on card-board cut-outs that serve as i
n-su-la-tion
 []

<graphics//electronics.jpg, id=1336, 3324.42pt x 2800.4625pt>
File: graphics//electronics.jpg Graphic file (type jpg)
<use graphics//electronics.jpg>
Package pdftex.def Info: graphics//electronics.jpg  used on input line 120.
(pdftex.def)             Requested size: 318.40121pt x 268.18327pt.
[42 <./graphics//StepperMotor.jpg> <./graphics//StepperDriver.jpg>])
(./Software Development.tex
Underfull \hbox (badness 1033) in paragraph at lines 125--7
\T1/futs/m/n/12 not per-ma-nently mounted. This al-lows for rapid test-ing and 
re-plac-ing of
 []

[43 <./graphics//electronics.jpg>]
Chapter 6.

Underfull \hbox (badness 4328) in paragraph at lines 19--20
\T1/futs/m/n/12 Linux dis-tri-bu-tion that was specif-i-cally de-vel-oped for t
he Rasp-berry Pi.
 []

[44

]
Underfull \hbox (badness 3039) in paragraph at lines 39--40
\T1/futs/m/n/12 with the var-i-ous in-for-ma-tion that is re-quired for the [][
][][][][][][][] and De-vice
 []

<graphics//Abstraction.jpg, id=1364, 1626.075pt x 3633.575pt>
File: graphics//Abstraction.jpg Graphic file (type jpg)
<use graphics//Abstraction.jpg>
Package pdftex.def Info: graphics//Abstraction.jpg  used on input line 45.
(pdftex.def)             Requested size: 71.23488pt x 159.19757pt.
<graphics//LightBlue.jpg, id=1365, 476.37975pt x 691.98524pt>
File: graphics//LightBlue.jpg Graphic file (type jpg)
<use graphics//LightBlue.jpg>
Package pdftex.def Info: graphics//LightBlue.jpg  used on input line 51.
(pdftex.def)             Requested size: 109.5941pt x 159.19757pt.
[45 <./graphics//Abstraction.jpg> <./graphics//LightBlue.jpg>]
<graphics//MainLoop.jpg, id=1380, 2328.7pt x 6152.9875pt>
File: graphics//MainLoop.jpg Graphic file (type jpg)
<use graphics//MainLoop.jpg>
Package pdftex.def Info: graphics//MainLoop.jpg  used on input line 73.
(pdftex.def)             Requested size: 90.36055pt x 238.79636pt.
<graphics//DataStream.jpg, id=1381, 3543.2375pt x 5751.4875pt>
File: graphics//DataStream.jpg Graphic file (type jpg)
<use graphics//DataStream.jpg>
Package pdftex.def Info: graphics//DataStream.jpg  used on input line 80.
(pdftex.def)             Requested size: 134.83905pt x 218.90121pt.
) (./Testing.tex
[46 <./graphics//MainLoop.jpg> <./graphics//DataStream.jpg>]
Chapter 7.
<graphics//TestSetup.jpg, id=1387, 4047.12pt x 3035.34pt>
File: graphics//TestSetup.jpg Graphic file (type jpg)
<use graphics//TestSetup.jpg>
Package pdftex.def Info: graphics//TestSetup.jpg  used on input line 13.
(pdftex.def)             Requested size: 199.0pt x 149.22853pt.

Underfull \hbox (badness 1009) in paragraph at lines 20--21
\T1/futs/m/n/12 speeds. Fig-ure [][]7.2b[][] com-pares the mea-sured torque cur
ve with max-i-mum
 []

[47

 <./graphics//TestSetup.jpg>]
<graphics//TestGraph.jpg, id=1396, 3064.44875pt x 2467.2175pt>
File: graphics//TestGraph.jpg Graphic file (type jpg)
<use graphics//TestGraph.jpg>
Package pdftex.def Info: graphics//TestGraph.jpg  used on input line 28.
(pdftex.def)             Requested size: 179.09879pt x 144.1867pt.
<graphics//TestComp.jpg, id=1397, 3110.62125pt x 2467.2175pt>
File: graphics//TestComp.jpg Graphic file (type jpg)
<use graphics//TestComp.jpg>
Package pdftex.def Info: graphics//TestComp.jpg  used on input line 35.
(pdftex.def)             Requested size: 179.09879pt x 142.04083pt.
<graphics//Valid.jpg, id=1399, 3149.7675pt x 2439.1125pt>
File: graphics//Valid.jpg Graphic file (type jpg)
<use graphics//Valid.jpg>
Package pdftex.def Info: graphics//Valid.jpg  used on input line 47.
(pdftex.def)             Requested size: 238.80243pt x 184.89809pt.
) (./Conclusion.tex [48 <./graphics//TestGraph.jpg> <./graphics//TestComp.jpg> 
<./graphics//Valid.jpg>]
Chapter 8.

Underfull \hbox (badness 1412) in paragraph at lines 8--9
[]\T1/futs/m/n/12 The soft-ware ob-jec-tives that the project set out to achiev
e was to col-lect
 []


Underfull \hbox (badness 5388) in paragraph at lines 8--9
\T1/futs/m/n/12 and pro-cess train-ing con-di-tions and in-puts, com-mu-ni-cat-
ing with Zwift
 []


Underfull \hbox (badness 1831) in paragraph at lines 8--9
\T1/futs/m/n/12 and in-te-grat-ing the Zwift ex-pe-ri-ence with the de-vel-oped
 hard-ware. This
 []


Underfull \hbox (badness 10000) in paragraph at lines 10--11

 []

[49

]
Underfull \hbox (badness 2253) in paragraph at lines 16--17
\T1/futs/m/n/12 Although the project does not al-low for much fur-ther de-vel-o
p-ment with
 []

) (./Main.bbl [50] (d:/texlive/2022/texmf-dist/tex/latex/stellenbosch/usbib.eng
)
Underfull \hbox (badness 10000) in paragraph at lines 35--40
\T1/futs/m/n/10 Availible at: [][]$\T1/cmtt/m/n/10 https : / / www . alibaba . 
com / product -[] detail / Classic -[] Style -[] 20Kg -[]
 []


Underfull \hbox (badness 1087) in paragraph at lines 43--49
[]\T1/futs/m/n/10 Baum, E. and Eber-hardt, S. (2016).  Eddy cur-rent brake with
 two pole pairs.  \T1/futs/m/it/10 COM-PEL
 []


Underfull \hbox (badness 10000) in paragraph at lines 81--85
\T1/futs/m/n/10 Availible at: [][]$\T1/cmtt/m/n/10 https : / / developer . huaw
ei . com / consumer / en / doc / development /
 []

[51

]
Underfull \hbox (badness 10000) in paragraph at lines 93--97
\T1/futs/m/n/10 Availible at: [][]$\T1/cmtt/m/n/10 https : / / www . theprosclo
set . com / blogs / news / best -[] selling -[] bikes -[]
 []


Underfull \hbox (badness 10000) in paragraph at lines 101--110
\T1/futs/m/n/10 Available at: [][]$\T1/cmtt/m/n/10 https : / / www . sciencedir
ect . com / science / article / pii /
 []


Underfull \hbox (badness 10000) in paragraph at lines 117--121
\T1/futs/m/n/10 Availible at: [][]$\T1/cmtt/m/n/10 https : / / www . montaguebi
kes . com / folding -[] bikes -[] blog / 2019 / 06 /
 []


Underfull \hbox (badness 10000) in paragraph at lines 141--146
\T1/futs/m/n/10 Co., [][]$\T1/cmtt/m/n/10 https : / / fscdn . rohm . com / en /
 products / databook / datasheet / opto / optical _
 []


Underfull \hbox (badness 10000) in paragraph at lines 154--158
\T1/futs/m/n/10 Availible at: [][]$\T1/cmtt/m/n/10 https : / / www . analogicti
ps . com / rotary -[] encoders -[] part -[] 1 -[] optical -[]
 []

[52]
Underfull \hbox (badness 5681) in paragraph at lines 170--174
\T1/futs/m/n/10 Availible at: [][]$\T1/cmtt/m/n/10 https : / / www . supermagne
te . de / eng / faq / How -[] do -[] you -[] calculate -[] the -[]
 []


Underfull \hbox (badness 1546) in paragraph at lines 179--186
[]\T1/futs/m/n/10 Townsend, K., Cufi, C., Ak-iba and David-son, R. (2014).  \T1
/futs/m/it/10 Get-ting Started with Blue-tooth
 []


Underfull \hbox (badness 10000) in paragraph at lines 201--205
\T1/futs/m/n/10 Availible at: [][]$\T1/cmtt/m/n/10 https : / / global . yamaha 
-[] motor . com / business / e -[] bike -[] systems /
 []


Underfull \hbox (badness 10000) in paragraph at lines 207--211
\T1/futs/m/n/10 Availible at: [][]$\T1/cmtt/m/n/10 https : / / forums . zwift .
 com / t / bluetooth -[] improvements -[] for -[]
 []

) [53] (./AppendixA.tex
Appendix A.
) (./AppendixBudget.tex [54

]
Appendix B.
<graphics//Budget.jpg, id=1471, 350.5095pt x 171.64125pt>
File: graphics//Budget.jpg Graphic file (type jpg)
<use graphics//Budget.jpg>
Package pdftex.def Info: graphics//Budget.jpg  used on input line 9.
(pdftex.def)             Requested size: 398.0pt x 194.90042pt.
<graphics//BudgetGraph.jpg, id=1472, 428.19975pt x 258.9675pt>
File: graphics//BudgetGraph.jpg Graphic file (type jpg)
<use graphics//BudgetGraph.jpg>
Package pdftex.def Info: graphics//BudgetGraph.jpg  used on input line 15.
(pdftex.def)             Requested size: 398.0pt x 240.70686pt.
[55

 <./graphics//Budget.jpg>]
<graphics//Gantt.jpg, id=1479, 920.238pt x 291.489pt>
File: graphics//Gantt.jpg Graphic file (type jpg)
<use graphics//Gantt.jpg>
Package pdftex.def Info: graphics//Gantt.jpg  used on input line 23.
(pdftex.def)             Requested size: 398.0pt x 126.06725pt.
<graphics//GanttActual.jpg, id=1480, 743.77875pt x 219.82124pt>
File: graphics//GanttActual.jpg Graphic file (type jpg)
<use graphics//GanttActual.jpg>
Package pdftex.def Info: graphics//GanttActual.jpg  used on input line 30.
(pdftex.def)             Requested size: 398.0pt x 117.6317pt.
 [56 <./graphics//BudgetGraph.jpg> <./graphics//Gantt.jpg>]
Underfull \hbox (badness 1867) in paragraph at lines 41--42
\T1/futs/m/n/12 value propo-si-tion that the project adds is the pub-lic-ity fr
om mak-ing the
 []


Underfull \hbox (badness 3078) in paragraph at lines 41--42
\T1/futs/m/n/12 re-searched knowl-edge and in-for-ma-tion avail-able for fur-th
er de-vel-op-ment
 []

) (./AppendixSafetyReport.tex
Underfull \hbox (badness 2302) in paragraph at lines 45--1
\T1/futs/m/n/12 The mar-ket for smart train-ers is very com-pet-i-tive, with la
rge com-pa-nies
 []


Underfull \hbox (badness 1112) in paragraph at lines 45--1
\T1/futs/m/n/12 The in-ten-tion of the trainer de-vel-op-ment in this project w
as never aimed
 []

[57 <./graphics//GanttActual.jpg>] [58]
Appendix C.
[59

]
Underfull \hbox (badness 6608) in paragraph at lines 18--19
[]\T1/futs/m/n/12 No af-ter hours test-ing may be per-formed with-out the nec-e
s-sary
 []


Underfull \hbox (badness 2253) in paragraph at lines 30--31
\T1/futs/m/n/12 The as-sem-bly of the frame in-cluded fas-ten-ing of me-chan-i-
cal equip-ment,
 []


Underfull \hbox (badness 3386) in paragraph at lines 30--31
\T1/futs/m/n/12 con-nect-ing and in-su-lat-ing elec-tri-cal wires as well as li
ght pro-cess-ing of
 []


Underfull \hbox (badness 10000) in paragraph at lines 43--44
[]\T1/futs/m/n/12 Ruler, mea-sur-ing tape and
 []


Overfull \hbox (11.23119pt too wide) in paragraph at lines 55--55
 []|\T1/futs/m/n/12 Severity| 
 []


Overfull \hbox (11.23119pt too wide) in paragraph at lines 59--59
 []|\T1/futs/m/n/12 Severity| 
 []

[60] [61]
Overfull \hbox (11.23119pt too wide) in paragraph at lines 117--117
 []|\T1/futs/m/n/12 Severity| 
 []


Overfull \hbox (11.23119pt too wide) in paragraph at lines 121--121
 []|\T1/futs/m/n/12 Severity| 
 []

[62] [63]) (./AppendixDefinitions.tex [64]
Appendix D.

Underfull \hbox (badness 10000) in paragraph at lines 13--14
\T1/futs/b/n/12 Platform\T1/futs/m/n/12 : A so-lu-tion neu-tral ref-er-ence to 
the sys-tem that is be-ing
 []

[65

]
<graphics//BrakingForce.jpg, id=1559, 3080.50874pt x 2466.21375pt>
File: graphics//BrakingForce.jpg Graphic file (type jpg)
<use graphics//BrakingForce.jpg>
Package pdftex.def Info: graphics//BrakingForce.jpg  used on input line 34.
(pdftex.def)             Requested size: 258.69757pt x 207.08528pt.
 [66 <./graphics//BrakingForce.jpg>]
<graphics//MotorWire.jpg, id=1574, 354.123pt x 296.307pt>
File: graphics//MotorWire.jpg Graphic file (type jpg)
<use graphics//MotorWire.jpg>
Package pdftex.def Info: graphics//MotorWire.jpg  used on input line 111.
(pdftex.def)             Requested size: 119.40121pt x 99.9066pt.
 [67]) [68 <./graphics//MotorWire.jpg>] (./Main.aux)
Package rerunfilecheck Info: File `Main.out' has not changed.
(rerunfilecheck)             Checksum: D1EC0C4D343DAA08277BC7B63DC7E266;9763.
 )
(\end occurred when \ifx on line 14 was incomplete) 
Here is how much of TeX's memory you used:
 28271 strings out of 478238
 643143 string characters out of 5847939
 895841 words of memory out of 5000000
 45624 multiletter control sequences out of 15000+600000
 693522 words of font info for 234 fonts, out of 8000000 for 9000
 1141 hyphenation exceptions out of 8191
 77i,17n,120p,817b,1134s stack positions out of 10000i,1000n,20000p,200000b,200000s

pdfTeX warning (dest): name{acro:Br} has been referenced but does not exist, re
placed by a fixed one


pdfTeX warning (dest): name{acro:permeability} has been referenced but does not
 exist, replaced by a fixed one


pdfTeX warning (dest): name{acro:F} has been referenced but does not exist, rep
laced by a fixed one


pdfTeX warning (dest): name{acro:condDisk} has been referenced but does not exi
st, replaced by a fixed one


pdfTeX warning (dest): name{acro:J} has been referenced but does not exist, rep
laced by a fixed one


pdfTeX warning (dest): name{acro:B} has been referenced but does not exist, rep
laced by a fixed one


pdfTeX warning (dest): name{acro:E} has been referenced but does not exist, rep
laced by a fixed one


pdfTeX warning (dest): name{Hfootnote.4} has been referenced but does not exist
, replaced by a fixed one


pdfTeX warning (dest): name{Hfootnote.3} has been referenced but does not exist
, replaced by a fixed one


pdfTeX warning (dest): name{Hfootnote.2} has been referenced but does not exist
, replaced by a fixed one


pdfTeX warning (dest): name{acro:v} has been referenced but does not exist, rep
laced by a fixed one


pdfTeX warning (dest): name{acro:T} has been referenced but does not exist, rep
laced by a fixed one


pdfTeX warning (dest): name{acro:omega} has been referenced but does not exist,
 replaced by a fixed one

{d:/texlive/2022/texmf-dist/fonts/enc/dvips/cm-super/cm-super-t1.enc}{d:/texliv
e/2022/texmf-dist/fonts/enc/dvips/base/8r.enc}{d:/texlive/2022/texmf-dist/fonts
/enc/dvips/ebgaramond/ebgm_yddfsn.enc}{d:/texlive/2022/texmf-dist/fonts/enc/dvi
ps/ebgaramond/ebgm_ljow5q.enc}<d:/texlive/2022/texmf-dist/fonts/type1/public/eb
garamond/EBGaramond-BoldItalic.pfb><d:/texlive/2022/texmf-dist/fonts/type1/publ
ic/fourier/fourier-alt.pfb><d:/texlive/2022/texmf-dist/fonts/type1/public/fouri
er/fourier-ml.pfb><d:/texlive/2022/texmf-dist/fonts/type1/public/fourier/fourie
r-mlit.pfb><d:/texlive/2022/texmf-dist/fonts/type1/public/fourier/fourier-ms.pf
b><d:/texlive/2022/texmf-dist/fonts/type1/adobe/utopia/putb8a.pfb><d:/texlive/2
022/texmf-dist/fonts/type1/adobe/utopia/putr8a.pfb><d:/texlive/2022/texmf-dist/
fonts/type1/adobe/utopia/putr8a.pfb><d:/texlive/2022/texmf-dist/fonts/type1/ado
be/utopia/putri8a.pfb><d:/texlive/2022/texmf-dist/fonts/type1/public/cm-super/s
fss1200.pfb><d:/texlive/2022/texmf-dist/fonts/type1/public/cm-super/sfsx1095.pf
b><d:/texlive/2022/texmf-dist/fonts/type1/public/cm-super/sfsx1440.pfb><d:/texl
ive/2022/texmf-dist/fonts/type1/public/cm-super/sftt1000.pfb><d:/texlive/2022/t
exmf-dist/fonts/type1/public/cm-super/sftt1095.pfb>
Output written on Main.pdf (83 pages, 20916520 bytes).
PDF statistics:
 1730 PDF objects out of 2073 (max. 8388607)
 1430 compressed objects within 15 object streams
 338 named destinations out of 1000 (max. 500000)
 841 words of extra memory for PDF output out of 10000 (max. 10000000)

