2022-09-27 18:49:08,605 - __main__ - INFO - Registering GATT application...
2022-09-27 18:49:08,651 - __main__ - INFO - GATT application registered successfully
2022-09-27 18:49:08,659 - __main__ - INFO - Advertisement registered
2022-09-27 18:57:53,798 - __main__ - INFO - Registering GATT application...
2022-09-27 18:57:53,835 - __main__ - INFO - GATT application registered successfully
2022-09-27 18:57:53,836 - __main__ - INFO - Advertisement registered
2022-09-27 19:03:26,395 - __main__ - INFO - Registering GATT application...
2022-09-27 19:03:26,447 - __main__ - INFO - Advertisement registered
2022-09-27 19:05:27,362 - __main__ - INFO - Registering GATT application...
2022-09-27 19:05:27,409 - __main__ - INFO - Advertisement registered
2022-09-27 19:07:52,096 - __main__ - INFO - Registering GATT application...
2022-09-27 19:07:52,139 - __main__ - INFO - Advertisement registered
2022-09-27 19:08:07,204 - __main__ - INFO - Registering GATT application...
2022-09-27 19:08:07,255 - __main__ - INFO - Advertisement registered
2022-09-27 19:09:28,945 - __main__ - INFO - Registering GATT application...
2022-09-27 19:09:28,994 - __main__ - INFO - Advertisement registered
2022-09-27 19:09:39,018 - __main__ - INFO - Registering GATT application...
2022-09-27 19:09:39,058 - __main__ - INFO - Advertisement registered
2022-09-27 19:11:56,413 - __main__ - INFO - Registering GATT application...
2022-09-27 19:11:56,449 - __main__ - INFO - Advertisement registered
2022-09-27 19:18:27,233 - __main__ - INFO - Registering GATT application...
2022-09-27 19:18:27,276 - __main__ - INFO - Advertisement registered
2022-09-27 19:21:24,044 - __main__ - INFO - Registering GATT application...
2022-09-27 19:21:24,100 - __main__ - INFO - Advertisement registered
2022-09-27 19:25:26,090 - __main__ - INFO - Registering GATT application...
2022-09-27 19:25:26,141 - __main__ - INFO - Advertisement registered
2022-09-27 19:27:26,031 - __main__ - INFO - Registering GATT application...
2022-09-27 19:27:26,068 - __main__ - INFO - Advertisement registered
2022-09-27 19:28:11,127 - __main__ - INFO - Registering GATT application...
2022-09-27 19:28:11,159 - __main__ - INFO - GATT application registered successfully
2022-09-27 19:28:11,161 - __main__ - INFO - Advertisement registered
2022-09-27 19:28:33,489 - __main__ - INFO - Registering GATT application...
2022-09-27 19:28:33,535 - __main__ - INFO - Advertisement registered
2022-09-27 19:28:53,438 - __main__ - INFO - Registering GATT application...
2022-09-27 19:28:53,485 - __main__ - INFO - Advertisement registered
2022-09-27 19:32:47,384 - __main__ - INFO - Registering GATT application...
2022-09-27 19:32:47,440 - __main__ - INFO - Advertisement registered
2022-09-27 19:34:13,711 - __main__ - INFO - Registering GATT application...
2022-09-27 19:34:13,754 - __main__ - INFO - Advertisement registered
2022-09-27 19:35:15,837 - __main__ - INFO - Registering GATT application...
2022-09-27 19:35:15,893 - __main__ - INFO - Advertisement registered
2022-09-27 19:37:29,963 - __main__ - INFO - Registering GATT application...
2022-09-27 19:37:30,010 - __main__ - INFO - Advertisement registered
2022-09-27 19:38:49,301 - __main__ - INFO - Registering GATT application...
2022-09-27 19:38:49,356 - __main__ - INFO - Advertisement registered
2022-09-27 19:42:23,686 - __main__ - INFO - Registering GATT application...
2022-09-27 19:42:23,741 - __main__ - INFO - GATT application registered successfully
2022-09-27 19:42:23,744 - __main__ - INFO - Advertisement registered
2022-09-27 19:43:22,866 - __main__ - INFO - Registering GATT application...
2022-09-27 19:43:22,908 - __main__ - INFO - Advertisement registered
2022-09-27 19:43:29,802 - __main__ - INFO - Registering GATT application...
2022-09-27 19:43:29,844 - __main__ - INFO - GATT application registered successfully
2022-09-27 19:43:29,848 - __main__ - INFO - Advertisement registered
2022-09-27 19:43:32,491 - __main__ - INFO - Registering GATT application...
2022-09-27 19:43:32,526 - __main__ - INFO - GATT application registered successfully
2022-09-27 19:43:32,528 - __main__ - INFO - Advertisement registered
2022-09-27 19:43:34,988 - __main__ - INFO - Registering GATT application...
2022-09-27 19:43:35,026 - __main__ - INFO - GATT application registered successfully
2022-09-27 19:43:35,031 - __main__ - INFO - Advertisement registered
2022-09-27 19:45:45,668 - __main__ - INFO - Registering GATT application...
2022-09-27 19:45:45,698 - __main__ - INFO - GATT application registered successfully
2022-09-27 19:45:45,701 - __main__ - INFO - Advertisement registered
2022-09-27 19:45:59,275 - __main__ - INFO - Registering GATT application...
2022-09-27 19:45:59,314 - __main__ - INFO - GATT application registered successfully
2022-09-27 19:45:59,315 - __main__ - INFO - Advertisement registered
2022-09-27 19:48:09,892 - __main__ - INFO - Registering GATT application...
2022-09-27 19:48:09,924 - __main__ - INFO - GATT application registered successfully
2022-09-27 19:48:09,929 - __main__ - INFO - Advertisement registered
2022-09-27 19:49:12,487 - __main__ - INFO - Registering GATT application...
2022-09-27 19:49:12,523 - __main__ - INFO - GATT application registered successfully
2022-09-27 19:49:12,528 - __main__ - INFO - Advertisement registered
2022-09-27 19:50:16,273 - __main__ - INFO - Registering GATT application...
2022-09-27 19:50:16,302 - __main__ - INFO - GATT application registered successfully
2022-09-27 19:50:16,307 - __main__ - INFO - Advertisement registered
2022-09-27 19:52:06,305 - __main__ - INFO - Registering GATT application...
2022-09-27 19:52:06,338 - __main__ - INFO - GATT application registered successfully
2022-09-27 19:52:06,346 - __main__ - INFO - Advertisement registered
2022-09-27 19:54:19,909 - __main__ - INFO - Registering GATT application...
2022-09-27 19:54:19,947 - __main__ - INFO - GATT application registered successfully
2022-09-27 19:54:19,954 - __main__ - INFO - Advertisement registered
2022-09-27 19:58:34,308 - __main__ - INFO - Registering GATT application...
2022-09-27 19:58:34,355 - __main__ - INFO - GATT application registered successfully
2022-09-27 19:58:34,357 - __main__ - INFO - Advertisement registered
2022-09-27 20:01:25,275 - __main__ - INFO - Registering GATT application...
2022-09-27 20:01:25,313 - __main__ - INFO - GATT application registered successfully
2022-09-27 20:01:25,315 - __main__ - INFO - Advertisement registered
2022-09-27 20:04:06,017 - __main__ - INFO - Registering GATT application...
2022-09-27 20:04:06,048 - __main__ - INFO - GATT application registered successfully
2022-09-27 20:04:06,049 - __main__ - INFO - Advertisement registered
2022-09-27 20:04:29,005 - __main__ - INFO - Registering GATT application...
2022-09-27 20:04:29,034 - __main__ - INFO - GATT application registered successfully
2022-09-27 20:04:29,039 - __main__ - INFO - Advertisement registered
2022-09-27 20:11:54,267 - __main__ - INFO - Registering GATT application...
2022-09-27 20:11:54,298 - __main__ - INFO - GATT application registered successfully
2022-09-27 20:11:54,316 - __main__ - INFO - Advertisement registered
2022-09-27 20:14:40,402 - __main__ - INFO - Registering GATT application...
2022-09-27 20:14:40,439 - __main__ - INFO - GATT application registered successfully
2022-09-27 20:14:40,451 - __main__ - INFO - Advertisement registered
2022-09-27 20:22:02,657 - __main__ - INFO - /org/bluez/hci0
2022-09-27 20:22:02,676 - __main__ - INFO - Registering GATT application...
2022-09-27 20:22:02,719 - __main__ - INFO - GATT application registered successfully
2022-09-27 20:22:02,722 - __main__ - INFO - Advertisement registered
2022-09-27 20:23:32,266 - __main__ - INFO - <ProxyObject wrapping <dbus._dbus.SystemBus (system) at 0x74d70870> :1.27 /org/bluez/hci0 at 0x74d6ffa0>
2022-09-27 20:23:32,295 - __main__ - INFO - Registering GATT application...
2022-09-27 20:23:32,324 - __main__ - INFO - GATT application registered successfully
2022-09-27 20:23:32,329 - __main__ - INFO - Advertisement registered
2022-09-27 20:23:59,140 - __main__ - INFO - <ProxyObject wrapping <dbus._dbus.SystemBus (system) at 0x74d9b9d8> :1.27 /org/bluez/hci0 at 0x74d9afd0>
2022-09-27 20:23:59,142 - __main__ - INFO - <Interface <ProxyObject wrapping <dbus._dbus.SystemBus (system) at 0x74d9b9d8> :1.27 /org/bluez/hci0 at 0x74d9afd0> implementing 'org.freedesktop.DBus.Properties' at 0x74d9af70>
2022-09-27 20:23:59,154 - __main__ - INFO - Registering GATT application...
2022-09-27 20:23:59,185 - __main__ - INFO - GATT application registered successfully
2022-09-27 20:23:59,189 - __main__ - INFO - Advertisement registered
2022-09-27 20:25:55,920 - __main__ - INFO - Registering GATT application...
2022-09-27 20:25:55,948 - __main__ - CRITICAL - Failed to register advertisement: org.bluez.Error.Failed: Failed to complete registration
2022-09-27 20:26:53,454 - __main__ - INFO - Registering GATT application...
2022-09-27 20:26:53,500 - __main__ - INFO - GATT application registered successfully
2022-09-27 20:26:53,510 - __main__ - INFO - Advertisement registered
2022-09-27 20:46:14,769 - __main__ - INFO - /org/bluez/hci0
2022-09-27 20:46:14,789 - __main__ - INFO - Registering GATT application...
2022-09-27 20:46:14,830 - __main__ - INFO - GATT application registered successfully
2022-09-27 20:46:14,836 - __main__ - INFO - Advertisement registered
2022-09-27 20:53:10,535 - __main__ - INFO - /org/bluez/hci0
2022-09-27 20:54:48,563 - __main__ - INFO - <dbus._dbus.SystemBus (system) at 0x746f00a0>
2022-09-27 20:54:48,600 - __main__ - INFO - /org/bluez/hci0
2022-09-27 20:54:48,616 - __main__ - INFO - Registering GATT application...
2022-09-27 20:54:48,641 - __main__ - INFO - GATT application registered successfully
2022-09-27 20:54:48,647 - __main__ - INFO - Advertisement registered
2022-09-27 20:55:50,937 - __main__ - INFO - <bound method BusConnection.get_object of <dbus._dbus.SystemBus (system) at 0x74745118>>
2022-09-27 20:55:50,960 - __main__ - INFO - /org/bluez/hci0
2022-09-27 20:55:50,974 - __main__ - INFO - Registering GATT application...
2022-09-27 20:55:50,998 - __main__ - INFO - GATT application registered successfully
2022-09-27 20:55:51,003 - __main__ - INFO - Advertisement registered
2022-09-28 02:53:30,767 - __main__ - INFO - <bound method BusConnection.get_object of <dbus._dbus.SystemBus (system) at 0x74d128c0>>
2022-09-28 02:53:30,778 - __main__ - INFO - /org/bluez/hci0
2022-09-28 02:53:30,795 - __main__ - INFO - Registering GATT application...
2022-09-28 02:53:30,826 - __main__ - INFO - GATT application registered successfully
2022-09-28 02:53:30,828 - __main__ - INFO - Advertisement registered
2022-09-28 02:54:18,033 - __main__ - INFO - boiler read: []
2022-09-28 02:54:18,034 - __main__ - ERROR - Error getting status name 'VivaldiBaseUrl' is not defined
2022-09-28 02:54:47,103 - __main__ - INFO - boiler state Write: dbus.Array([dbus.Byte(167)], signature=dbus.Signature('y'))
2022-09-28 02:54:47,163 - __main__ - INFO - boiler read: []
2022-09-28 02:54:47,164 - __main__ - ERROR - Error getting status name 'VivaldiBaseUrl' is not defined
